mode: set
subsnotifpro-go/cmd/api/main.go:22.13,31.16 4 0
subsnotifpro-go/cmd/api/main.go:31.16,33.3 1 0
subsnotifpro-go/cmd/api/main.go:34.2,34.15 1 0
subsnotifpro-go/cmd/api/main.go:34.15,35.43 1 0
subsnotifpro-go/cmd/api/main.go:35.43,37.4 1 0
subsnotifpro-go/cmd/api/main.go:41.2,48.55 2 0
subsnotifpro-go/cmd/api/main.go:48.55,49.33 1 0
subsnotifpro-go/cmd/api/main.go:49.33,51.35 2 0
subsnotifpro-go/cmd/api/main.go:51.35,53.6 1 0
subsnotifpro-go/cmd/api/main.go:55.4,55.14 1 0
subsnotifpro-go/cmd/api/main.go:57.37,59.4 1 0
subsnotifpro-go/cmd/api/main.go:61.2,61.16 1 0
subsnotifpro-go/cmd/api/main.go:61.16,63.3 1 0
subsnotifpro-go/cmd/api/main.go:66.2,66.52 1 0
subsnotifpro-go/cmd/api/main.go:66.52,68.3 1 0
subsnotifpro-go/cmd/api/main.go:71.2,71.45 1 0
subsnotifpro-go/cmd/api/main.go:71.45,73.3 1 0
subsnotifpro-go/cmd/api/main.go:77.55,78.42 1 0
subsnotifpro-go/cmd/api/main.go:78.42,80.3 1 0
subsnotifpro-go/cmd/api/main.go:81.2,81.21 1 0
subsnotifpro-go/cmd/api/app/application.go:57.112,60.44 2 0
subsnotifpro-go/cmd/api/app/application.go:60.44,62.3 1 0
subsnotifpro-go/cmd/api/app/application.go:65.2,76.27 3 0
subsnotifpro-go/cmd/api/app/application.go:76.27,77.34 1 0
subsnotifpro-go/cmd/api/app/application.go:77.34,79.4 1 0
subsnotifpro-go/cmd/api/app/application.go:82.2,88.17 2 0
subsnotifpro-go/cmd/api/app/application.go:92.73,93.38 1 0
subsnotifpro-go/cmd/api/app/application.go:93.38,96.3 2 0
subsnotifpro-go/cmd/api/app/application.go:100.59,101.38 1 0
subsnotifpro-go/cmd/api/app/application.go:101.38,104.3 2 0
subsnotifpro-go/cmd/api/app/application.go:108.58,109.38 1 0
subsnotifpro-go/cmd/api/app/application.go:109.38,112.3 2 0
subsnotifpro-go/cmd/api/app/application.go:116.63,120.29 2 0
subsnotifpro-go/cmd/api/app/application.go:120.29,122.3 1 0
subsnotifpro-go/cmd/api/app/application.go:125.2,125.51 1 0
subsnotifpro-go/cmd/api/app/application.go:125.51,127.3 1 0
subsnotifpro-go/cmd/api/app/application.go:129.2,130.12 2 0
subsnotifpro-go/cmd/api/app/application.go:134.56,136.27 1 0
subsnotifpro-go/cmd/api/app/application.go:136.27,137.45 1 0
subsnotifpro-go/cmd/api/app/application.go:137.45,139.4 1 0
subsnotifpro-go/cmd/api/app/application.go:143.2,146.12 2 0
subsnotifpro-go/cmd/api/app/application.go:146.12,148.88 2 0
subsnotifpro-go/cmd/api/app/application.go:148.88,150.4 1 0
subsnotifpro-go/cmd/api/app/application.go:154.2,154.12 1 0
subsnotifpro-go/cmd/api/app/application.go:154.12,156.91 2 0
subsnotifpro-go/cmd/api/app/application.go:156.91,158.4 1 0
subsnotifpro-go/cmd/api/app/application.go:162.2,165.42 2 0
subsnotifpro-go/cmd/api/app/application.go:169.61,177.27 4 0
subsnotifpro-go/cmd/api/app/application.go:177.27,178.62 1 0
subsnotifpro-go/cmd/api/app/application.go:178.62,180.4 1 0
subsnotifpro-go/cmd/api/app/application.go:183.2,183.30 1 0
subsnotifpro-go/cmd/api/app/application.go:183.30,184.65 1 0
subsnotifpro-go/cmd/api/app/application.go:184.65,186.4 1 0
subsnotifpro-go/cmd/api/app/application.go:190.2,190.44 1 0
subsnotifpro-go/cmd/api/app/application.go:190.44,191.35 1 0
subsnotifpro-go/cmd/api/app/application.go:191.35,195.4 1 0
subsnotifpro-go/cmd/api/app/application.go:198.2,199.12 2 0
subsnotifpro-go/cmd/api/app/application.go:203.52,205.2 1 0
subsnotifpro-go/cmd/api/app/application.go:208.51,210.2 1 0
subsnotifpro-go/cmd/api/app/application.go:213.50,215.2 1 0
subsnotifpro-go/cmd/api/app/application.go:219.70,240.2 6 0
subsnotifpro-go/cmd/api/app/application.go:242.60,265.2 7 0
subsnotifpro-go/cmd/api/app/application.go:267.71,268.30 1 0
subsnotifpro-go/cmd/api/app/application.go:268.30,270.26 2 0
subsnotifpro-go/cmd/api/app/application.go:270.26,272.4 1 0
subsnotifpro-go/cmd/api/app/application.go:273.3,275.11 3 0
subsnotifpro-go/cmd/api/app/application.go:279.67,280.30 1 0
subsnotifpro-go/cmd/api/app/application.go:280.30,292.27 9 0
subsnotifpro-go/cmd/api/app/application.go:292.27,294.4 1 0
subsnotifpro-go/cmd/api/app/application.go:296.3,302.4 1 0
subsnotifpro-go/cmd/api/app/application.go:306.60,317.41 4 0
subsnotifpro-go/cmd/api/app/application.go:317.41,318.36 1 0
subsnotifpro-go/cmd/api/app/application.go:318.36,324.4 2 0
subsnotifpro-go/cmd/api/app/application.go:328.2,328.70 1 0
subsnotifpro-go/cmd/api/app/application.go:328.70,330.46 2 0
subsnotifpro-go/cmd/api/app/application.go:330.46,336.4 2 0
subsnotifpro-go/cmd/api/app/application.go:336.9,340.4 1 0
subsnotifpro-go/cmd/api/app/application.go:342.3,342.63 1 0
subsnotifpro-go/cmd/api/app/application.go:342.63,344.53 2 0
subsnotifpro-go/cmd/api/app/application.go:344.53,350.5 2 0
subsnotifpro-go/cmd/api/app/application.go:350.10,354.5 1 0
subsnotifpro-go/cmd/api/app/application.go:358.2,359.14 2 0
subsnotifpro-go/cmd/api/app/application.go:359.14,363.3 3 0
subsnotifpro-go/cmd/api/app/application.go:365.2,365.31 1 0
subsnotifpro-go/cmd/api/app/application.go:368.63,377.29 3 0
subsnotifpro-go/cmd/api/app/application.go:377.29,380.3 2 0
subsnotifpro-go/cmd/api/app/application.go:382.2,384.11 2 0
subsnotifpro-go/cmd/api/app/application.go:384.11,386.3 1 0
subsnotifpro-go/cmd/api/app/application.go:386.8,388.3 1 0
subsnotifpro-go/cmd/api/app/application.go:391.62,398.2 1 0
subsnotifpro-go/cmd/api/app/application.go:400.64,407.2 6 0
subsnotifpro-go/cmd/api/app/application.go:409.88,414.9 3 0
subsnotifpro-go/cmd/api/app/application.go:415.24,417.13 2 0
subsnotifpro-go/cmd/api/app/application.go:418.24,420.27 2 0
subsnotifpro-go/cmd/api/app/application.go:426.47,427.26 1 0
subsnotifpro-go/cmd/api/app/application.go:427.26,429.3 1 0
subsnotifpro-go/cmd/api/app/application.go:430.2,430.29 1 0
subsnotifpro-go/cmd/api/app/application.go:430.29,432.3 1 0
subsnotifpro-go/cmd/api/app/application.go:433.2,433.29 1 0
subsnotifpro-go/cmd/api/app/application.go:433.29,435.3 1 0
subsnotifpro-go/cmd/api/app/application.go:436.2,436.12 1 0
subsnotifpro-go/cmd/legacy/worker/worker_main_legacy.go:50.13,63.16 6 0
subsnotifpro-go/cmd/legacy/worker/worker_main_legacy.go:63.16,65.3 1 0
subsnotifpro-go/cmd/legacy/worker/worker_main_legacy.go:66.2,71.55 4 0
subsnotifpro-go/cmd/legacy/worker/worker_main_legacy.go:71.55,73.16 2 0
subsnotifpro-go/cmd/legacy/worker/worker_main_legacy.go:73.16,76.4 2 0
subsnotifpro-go/cmd/legacy/worker/worker_main_legacy.go:79.3,80.17 2 0
subsnotifpro-go/cmd/legacy/worker/worker_main_legacy.go:80.17,82.4 1 0
subsnotifpro-go/cmd/legacy/worker/worker_main_legacy.go:86.2,87.16 2 0
subsnotifpro-go/cmd/legacy/worker/worker_main_legacy.go:87.16,89.3 1 0
subsnotifpro-go/cmd/legacy/worker/worker_main_legacy.go:90.2,90.15 1 0
subsnotifpro-go/cmd/legacy/worker/worker_main_legacy.go:90.15,93.3 2 0
subsnotifpro-go/cmd/legacy/worker/worker_main_legacy.go:98.2,143.68 29 0
subsnotifpro-go/cmd/legacy/worker/worker_main_legacy.go:143.68,148.13 3 0
subsnotifpro-go/cmd/legacy/worker/worker_main_legacy.go:148.13,151.4 2 0
subsnotifpro-go/cmd/legacy/worker/worker_main_legacy.go:153.3,159.13 4 0
subsnotifpro-go/cmd/legacy/worker/worker_main_legacy.go:159.13,162.4 2 0
subsnotifpro-go/cmd/legacy/worker/worker_main_legacy.go:164.3,179.13 5 0
subsnotifpro-go/cmd/legacy/worker/worker_main_legacy.go:179.13,182.4 2 0
subsnotifpro-go/cmd/legacy/worker/worker_main_legacy.go:184.3,184.80 1 0
subsnotifpro-go/cmd/legacy/worker/worker_main_legacy.go:185.8,185.64 1 0
subsnotifpro-go/cmd/legacy/worker/worker_main_legacy.go:185.64,188.17 2 0
subsnotifpro-go/cmd/legacy/worker/worker_main_legacy.go:188.17,192.4 1 0
subsnotifpro-go/cmd/legacy/worker/worker_main_legacy.go:192.9,194.4 1 0
subsnotifpro-go/cmd/legacy/worker/worker_main_legacy.go:198.3,198.71 1 0
subsnotifpro-go/cmd/legacy/worker/worker_main_legacy.go:202.2,217.12 8 0
subsnotifpro-go/cmd/legacy/worker/worker_main_legacy.go:217.12,220.3 2 0
subsnotifpro-go/cmd/legacy/worker/worker_main_legacy.go:223.2,223.9 1 0
subsnotifpro-go/cmd/legacy/worker/worker_main_legacy.go:224.22,225.57 1 0
subsnotifpro-go/cmd/legacy/worker/worker_main_legacy.go:226.37,227.63 1 0
subsnotifpro-go/cmd/legacy/worker/worker_main_legacy.go:230.2,230.46 1 0
subsnotifpro-go/cmd/legacy/api/api_main_legacy.go:58.13,76.16 6 0
subsnotifpro-go/cmd/legacy/api/api_main_legacy.go:76.16,78.3 1 0
subsnotifpro-go/cmd/legacy/api/api_main_legacy.go:79.2,90.16 7 0
subsnotifpro-go/cmd/legacy/api/api_main_legacy.go:90.16,92.3 1 0
subsnotifpro-go/cmd/legacy/api/api_main_legacy.go:93.2,101.55 5 0
subsnotifpro-go/cmd/legacy/api/api_main_legacy.go:101.55,107.17 4 0
subsnotifpro-go/cmd/legacy/api/api_main_legacy.go:107.17,109.4 1 0
subsnotifpro-go/cmd/legacy/api/api_main_legacy.go:110.3,113.64 2 0
subsnotifpro-go/cmd/legacy/api/api_main_legacy.go:113.64,115.4 1 0
subsnotifpro-go/cmd/legacy/api/api_main_legacy.go:118.3,118.66 1 0
subsnotifpro-go/cmd/legacy/api/api_main_legacy.go:122.2,122.57 1 0
subsnotifpro-go/cmd/legacy/api/api_main_legacy.go:122.57,124.44 1 0
subsnotifpro-go/cmd/legacy/api/api_main_legacy.go:124.44,128.4 1 0
subsnotifpro-go/cmd/legacy/api/api_main_legacy.go:133.2,232.12 48 0
subsnotifpro-go/cmd/legacy/api/api_main_legacy.go:232.12,235.80 3 0
subsnotifpro-go/cmd/legacy/api/api_main_legacy.go:235.80,237.4 1 0
subsnotifpro-go/cmd/legacy/api/api_main_legacy.go:241.2,246.27 4 0
subsnotifpro-go/cmd/legacy/api/api_main_legacy.go:247.36,248.24 1 0
subsnotifpro-go/cmd/legacy/api/api_main_legacy.go:248.24,250.4 1 0
subsnotifpro-go/cmd/legacy/api/api_main_legacy.go:251.38,252.49 1 0
subsnotifpro-go/cmd/legacy/api/api_main_legacy.go:253.10,254.67 1 0
subsnotifpro-go/cmd/legacy/api/api_main_legacy.go:257.2,272.53 9 0
subsnotifpro-go/cmd/legacy/api/api_main_legacy.go:272.53,274.3 1 0
subsnotifpro-go/cmd/legacy/api/api_main_legacy.go:277.2,279.45 2 0
subsnotifpro-go/cmd/legacy/api/api_main_legacy.go:282.29,283.60 1 0
subsnotifpro-go/cmd/legacy/api/api_main_legacy.go:283.60,284.59 1 0
subsnotifpro-go/cmd/legacy/api/api_main_legacy.go:284.59,286.4 1 0
subsnotifpro-go/cmd/legacy/api/api_main_legacy.go:288.2,288.42 1 0
subsnotifpro-go/cmd/worker/main.go:54.13,63.16 4 0
subsnotifpro-go/cmd/worker/main.go:63.16,65.3 1 0
subsnotifpro-go/cmd/worker/main.go:66.2,66.15 1 0
subsnotifpro-go/cmd/worker/main.go:66.15,67.43 1 0
subsnotifpro-go/cmd/worker/main.go:67.43,69.4 1 0
subsnotifpro-go/cmd/worker/main.go:73.2,74.16 2 0
subsnotifpro-go/cmd/worker/main.go:74.16,76.3 1 0
subsnotifpro-go/cmd/worker/main.go:79.2,83.55 1 0
subsnotifpro-go/cmd/worker/main.go:83.55,85.42 1 0
subsnotifpro-go/cmd/worker/main.go:85.42,87.5 1 0
subsnotifpro-go/cmd/worker/main.go:88.4,88.14 1 0
subsnotifpro-go/cmd/worker/main.go:90.37,92.42 1 0
subsnotifpro-go/cmd/worker/main.go:92.42,94.5 1 0
subsnotifpro-go/cmd/worker/main.go:95.4,95.41 1 0
subsnotifpro-go/cmd/worker/main.go:95.41,97.5 1 0
subsnotifpro-go/cmd/worker/main.go:98.4,98.28 1 0
subsnotifpro-go/cmd/worker/main.go:101.2,101.16 1 0
subsnotifpro-go/cmd/worker/main.go:101.16,103.3 1 0
subsnotifpro-go/cmd/worker/main.go:106.2,106.52 1 0
subsnotifpro-go/cmd/worker/main.go:106.52,108.3 1 0
subsnotifpro-go/cmd/worker/main.go:111.2,111.45 1 0
subsnotifpro-go/cmd/worker/main.go:111.45,113.3 1 0
subsnotifpro-go/cmd/worker/main.go:117.141,125.16 4 0
subsnotifpro-go/cmd/worker/main.go:125.16,127.3 1 0
subsnotifpro-go/cmd/worker/main.go:130.2,132.55 3 0
subsnotifpro-go/cmd/worker/main.go:132.55,137.17 3 0
subsnotifpro-go/cmd/worker/main.go:137.17,139.4 1 0
subsnotifpro-go/cmd/worker/main.go:143.2,144.16 2 0
subsnotifpro-go/cmd/worker/main.go:144.16,146.3 1 0
subsnotifpro-go/cmd/worker/main.go:149.2,150.68 2 0
subsnotifpro-go/cmd/worker/main.go:150.68,162.3 1 0
subsnotifpro-go/cmd/worker/main.go:162.8,162.64 1 0
subsnotifpro-go/cmd/worker/main.go:162.64,165.3 1 0
subsnotifpro-go/cmd/worker/main.go:167.2,175.18 3 0
subsnotifpro-go/cmd/worker/main.go:208.174,278.2 30 0
subsnotifpro-go/cmd/worker/main.go:281.55,282.42 1 0
subsnotifpro-go/cmd/worker/main.go:282.42,284.3 1 0
subsnotifpro-go/cmd/worker/main.go:285.2,285.21 1 0
subsnotifpro-go/cmd/worker/app/application.go:74.112,77.44 2 0
subsnotifpro-go/cmd/worker/app/application.go:77.44,79.3 1 0
subsnotifpro-go/cmd/worker/app/application.go:82.2,94.27 3 0
subsnotifpro-go/cmd/worker/app/application.go:94.27,95.34 1 0
subsnotifpro-go/cmd/worker/app/application.go:95.34,97.4 1 0
subsnotifpro-go/cmd/worker/app/application.go:100.2,107.17 2 0
subsnotifpro-go/cmd/worker/app/application.go:111.67,112.38 1 0
subsnotifpro-go/cmd/worker/app/application.go:112.38,115.3 2 0
subsnotifpro-go/cmd/worker/app/application.go:119.59,120.38 1 0
subsnotifpro-go/cmd/worker/app/application.go:120.38,123.3 2 0
subsnotifpro-go/cmd/worker/app/application.go:127.58,128.38 1 0
subsnotifpro-go/cmd/worker/app/application.go:128.38,131.3 2 0
subsnotifpro-go/cmd/worker/app/application.go:135.63,139.29 2 0
subsnotifpro-go/cmd/worker/app/application.go:139.29,141.3 1 0
subsnotifpro-go/cmd/worker/app/application.go:144.2,144.53 1 0
subsnotifpro-go/cmd/worker/app/application.go:144.53,146.3 1 0
subsnotifpro-go/cmd/worker/app/application.go:148.2,149.12 2 0
subsnotifpro-go/cmd/worker/app/application.go:153.56,155.29 1 0
subsnotifpro-go/cmd/worker/app/application.go:155.29,156.45 1 0
subsnotifpro-go/cmd/worker/app/application.go:156.45,158.4 1 0
subsnotifpro-go/cmd/worker/app/application.go:162.2,166.54 3 0
subsnotifpro-go/cmd/worker/app/application.go:166.54,168.3 1 0
subsnotifpro-go/cmd/worker/app/application.go:171.2,174.47 2 0
subsnotifpro-go/cmd/worker/app/application.go:178.61,189.55 5 0
subsnotifpro-go/cmd/worker/app/application.go:189.55,191.3 1 0
subsnotifpro-go/cmd/worker/app/application.go:194.2,195.12 2 0
subsnotifpro-go/cmd/worker/app/application.go:195.12,198.3 2 0
subsnotifpro-go/cmd/worker/app/application.go:200.2,200.9 1 0
subsnotifpro-go/cmd/worker/app/application.go:201.21,202.56 1 0
subsnotifpro-go/cmd/worker/app/application.go:203.28,204.60 1 0
subsnotifpro-go/cmd/worker/app/application.go:208.2,208.44 1 0
subsnotifpro-go/cmd/worker/app/application.go:208.44,209.35 1 0
subsnotifpro-go/cmd/worker/app/application.go:209.35,213.4 1 0
subsnotifpro-go/cmd/worker/app/application.go:216.2,217.12 2 0
subsnotifpro-go/cmd/worker/app/application.go:221.52,223.2 1 0
subsnotifpro-go/cmd/worker/app/application.go:226.51,228.2 1 0
subsnotifpro-go/cmd/worker/app/application.go:231.50,233.2 1 0
subsnotifpro-go/cmd/worker/app/application.go:236.63,238.2 1 0
subsnotifpro-go/cmd/worker/app/application.go:242.72,243.46 1 0
subsnotifpro-go/cmd/worker/app/application.go:243.46,245.3 1 0
subsnotifpro-go/cmd/worker/app/application.go:248.2,248.62 1 0
subsnotifpro-go/cmd/worker/app/application.go:248.62,249.46 1 0
subsnotifpro-go/cmd/worker/app/application.go:249.46,251.4 1 0
subsnotifpro-go/cmd/worker/app/application.go:252.3,252.38 1 0
subsnotifpro-go/cmd/worker/app/application.go:252.38,254.4 1 0
subsnotifpro-go/cmd/worker/app/application.go:257.2,262.12 2 0
subsnotifpro-go/cmd/worker/app/application.go:265.67,266.42 1 0
subsnotifpro-go/cmd/worker/app/application.go:266.42,269.3 2 0
subsnotifpro-go/cmd/worker/app/application.go:271.2,274.54 2 0
subsnotifpro-go/cmd/worker/app/application.go:274.54,278.13 3 0
subsnotifpro-go/cmd/worker/app/application.go:278.13,283.46 3 0
subsnotifpro-go/cmd/worker/app/application.go:283.46,287.5 1 0
subsnotifpro-go/cmd/worker/app/application.go:289.4,289.79 1 0
subsnotifpro-go/cmd/worker/app/application.go:293.2,293.12 1 0
subsnotifpro-go/cmd/worker/app/application.go:296.66,300.54 2 0
subsnotifpro-go/cmd/worker/app/application.go:300.54,301.44 1 0
subsnotifpro-go/cmd/worker/app/application.go:301.44,305.4 1 0
subsnotifpro-go/cmd/worker/app/application.go:308.2,308.12 1 0
subsnotifpro-go/cmd/worker/app/application.go:311.64,317.54 6 0
subsnotifpro-go/cmd/worker/app/application.go:317.54,319.3 1 0
subsnotifpro-go/cmd/worker/app/application.go:320.2,320.73 1 0
subsnotifpro-go/cmd/worker/app/application.go:323.95,328.9 3 0
subsnotifpro-go/cmd/worker/app/application.go:329.24,332.27 3 0
subsnotifpro-go/cmd/worker/app/application.go:333.20,335.27 2 0
subsnotifpro-go/cmd/worker/app/application.go:340.68,341.41 1 0
subsnotifpro-go/cmd/worker/app/application.go:341.41,342.36 1 0
subsnotifpro-go/cmd/worker/app/application.go:342.36,344.4 1 0
subsnotifpro-go/cmd/worker/app/application.go:346.2,346.12 1 0
subsnotifpro-go/cmd/worker/app/application.go:351.47,352.29 1 0
subsnotifpro-go/cmd/worker/app/application.go:352.29,354.3 1 0
subsnotifpro-go/cmd/worker/app/application.go:355.2,355.29 1 0
subsnotifpro-go/cmd/worker/app/application.go:355.29,357.3 1 0
subsnotifpro-go/cmd/worker/app/application.go:358.2,358.12 1 0
subsnotifpro-go/cmd/worker/app/consumers.go:35.29,43.2 2 0
subsnotifpro-go/cmd/worker/app/consumers.go:45.69,50.2 3 0
subsnotifpro-go/cmd/worker/app/consumers.go:52.68,56.2 2 0
subsnotifpro-go/cmd/worker/app/consumers.go:58.50,60.2 1 0
subsnotifpro-go/cmd/worker/app/consumers.go:76.28,84.2 2 0
subsnotifpro-go/cmd/worker/app/consumers.go:86.68,91.2 3 0
subsnotifpro-go/cmd/worker/app/consumers.go:93.67,97.2 2 0
subsnotifpro-go/cmd/worker/app/consumers.go:99.49,101.2 1 0
subsnotifpro-go/cmd/worker/app/consumers.go:111.98,119.2 2 0
subsnotifpro-go/cmd/worker/app/consumers.go:121.67,124.73 2 0
subsnotifpro-go/cmd/worker/app/consumers.go:124.73,126.3 1 0
subsnotifpro-go/cmd/worker/app/consumers.go:127.2,127.12 1 0
subsnotifpro-go/cmd/worker/app/consumers.go:130.66,134.2 2 0
subsnotifpro-go/cmd/worker/app/consumers.go:136.48,138.2 1 0
subsnotifpro-go/config/config.go:187.27,189.38 1 0
subsnotifpro-go/config/config.go:189.38,191.17 2 0
subsnotifpro-go/config/config.go:191.17,193.4 1 0
subsnotifpro-go/config/config.go:196.2,213.12 3 0
subsnotifpro-go/config/config.go:217.40,218.25 1 0
subsnotifpro-go/config/config.go:219.29,220.25 1 0
subsnotifpro-go/config/config.go:221.31,222.27 1 0
subsnotifpro-go/config/config.go:223.10,226.25 3 0
subsnotifpro-go/config/config.go:231.39,276.2 32 0
subsnotifpro-go/config/config.go:279.41,305.2 15 0
subsnotifpro-go/config/config.go:308.42,313.55 3 0
subsnotifpro-go/config/config.go:313.55,314.51 1 0
subsnotifpro-go/config/config.go:314.51,316.4 1 0
subsnotifpro-go/config/config.go:319.2,320.55 2 0
subsnotifpro-go/config/config.go:320.55,321.51 1 0
subsnotifpro-go/config/config.go:321.51,323.4 1 0
subsnotifpro-go/config/config.go:326.2,327.58 2 0
subsnotifpro-go/config/config.go:327.58,328.57 1 0
subsnotifpro-go/config/config.go:328.57,330.4 1 0
subsnotifpro-go/config/config.go:333.2,350.53 2 0
subsnotifpro-go/config/config.go:350.53,361.63 2 0
subsnotifpro-go/config/config.go:361.63,362.58 1 0
subsnotifpro-go/config/config.go:362.58,364.5 1 0
subsnotifpro-go/config/config.go:367.3,367.60 1 0
subsnotifpro-go/config/config.go:367.60,368.58 1 0
subsnotifpro-go/config/config.go:368.58,370.5 1 0
subsnotifpro-go/config/config.go:373.3,373.61 1 0
subsnotifpro-go/config/config.go:373.61,374.58 1 0
subsnotifpro-go/config/config.go:374.58,376.5 1 0
subsnotifpro-go/config/config.go:380.2,380.15 1 0
subsnotifpro-go/config/config.go:384.57,385.14 1 0
subsnotifpro-go/config/config.go:386.39,387.21 1 0
subsnotifpro-go/config/config.go:388.37,389.51 1 0
subsnotifpro-go/config/config.go:390.38,391.21 1 0
subsnotifpro-go/config/config.go:392.10,393.21 1 0
subsnotifpro-go/config/config.go:398.59,399.14 1 0
subsnotifpro-go/config/config.go:400.39,401.27 1 0
subsnotifpro-go/config/config.go:402.37,403.24 1 0
subsnotifpro-go/config/config.go:404.38,405.20 1 0
subsnotifpro-go/config/config.go:406.10,407.20 1 0
subsnotifpro-go/config/config.go:412.60,413.14 1 0
subsnotifpro-go/config/config.go:414.39,415.19 1 0
subsnotifpro-go/config/config.go:416.37,417.19 1 0
subsnotifpro-go/config/config.go:418.38,419.19 1 0
subsnotifpro-go/config/config.go:420.10,421.19 1 0
subsnotifpro-go/config/config.go:426.55,427.42 1 0
subsnotifpro-go/config/config.go:427.42,428.33 1 0
subsnotifpro-go/config/config.go:429.33,430.15 1 0
subsnotifpro-go/config/config.go:431.34,432.16 1 0
subsnotifpro-go/config/config.go:435.2,435.21 1 0
subsnotifpro-go/config/config.go:439.46,441.13 2 0
subsnotifpro-go/config/config.go:441.13,443.3 1 0
subsnotifpro-go/config/config.go:444.2,444.14 1 0
subsnotifpro-go/config/config.go:448.52,450.13 2 0
subsnotifpro-go/config/config.go:450.13,452.3 1 0
subsnotifpro-go/config/config.go:453.2,455.16 3 0
subsnotifpro-go/config/config.go:455.16,457.3 1 0
subsnotifpro-go/config/config.go:458.2,458.15 1 0
subsnotifpro-go/config/config.go:462.32,469.2 1 0
subsnotifpro-go/config/config.go:472.77,474.13 2 0
subsnotifpro-go/config/config.go:474.13,476.3 1 0
subsnotifpro-go/config/config.go:477.2,478.16 2 0
subsnotifpro-go/config/config.go:478.16,480.3 1 0
subsnotifpro-go/config/config.go:481.2,481.17 1 0
subsnotifpro-go/database/database.go:19.60,26.31 5 0
subsnotifpro-go/database/database.go:26.31,28.3 1 0
subsnotifpro-go/database/database.go:28.8,30.3 1 0
subsnotifpro-go/database/database.go:33.2,33.27 1 0
subsnotifpro-go/database/database.go:34.18,36.17 2 0
subsnotifpro-go/database/database.go:36.17,38.4 1 0
subsnotifpro-go/database/database.go:39.3,39.33 1 0
subsnotifpro-go/database/database.go:41.15,43.17 2 0
subsnotifpro-go/database/database.go:43.17,45.4 1 0
subsnotifpro-go/database/database.go:46.3,46.30 1 0
subsnotifpro-go/database/database.go:48.16,50.16 2 0
subsnotifpro-go/database/database.go:50.16,52.4 1 0
subsnotifpro-go/database/database.go:53.3,53.31 1 0
subsnotifpro-go/database/database.go:55.10,56.121 1 0
subsnotifpro-go/database/database.go:60.2,67.16 2 0
subsnotifpro-go/database/database.go:67.16,69.3 1 0
subsnotifpro-go/database/database.go:72.2,72.57 1 0
subsnotifpro-go/database/database.go:72.57,74.3 1 0
subsnotifpro-go/database/database.go:76.2,77.16 2 0
subsnotifpro-go/database/database.go:81.63,83.16 2 0
subsnotifpro-go/database/database.go:83.16,85.3 1 0
subsnotifpro-go/database/database.go:86.2,87.12 2 0
subsnotifpro-go/database/database.go:90.33,92.16 2 0
subsnotifpro-go/database/database.go:92.16,95.3 2 0
subsnotifpro-go/database/database.go:97.2,99.47 3 0
subsnotifpro-go/database/database.go:103.59,106.27 2 0
subsnotifpro-go/database/database.go:107.46,110.69 1 0
subsnotifpro-go/database/database.go:112.44,118.35 2 0
subsnotifpro-go/database/database.go:118.35,120.4 1 0
subsnotifpro-go/database/database.go:123.3,123.34 1 0
subsnotifpro-go/database/database.go:123.34,125.4 1 0
subsnotifpro-go/database/database.go:127.3,127.33 1 0
subsnotifpro-go/database/database.go:127.33,129.4 1 0
subsnotifpro-go/database/database.go:131.3,131.18 1 0
subsnotifpro-go/database/database.go:133.45,136.69 1 0
subsnotifpro-go/database/database.go:138.10,139.78 1 0
subsnotifpro-go/database/database.go:144.56,147.27 2 0
subsnotifpro-go/database/database.go:148.85,151.57 1 0
subsnotifpro-go/database/database.go:153.44,159.36 2 0
subsnotifpro-go/database/database.go:159.36,161.34 2 0
subsnotifpro-go/database/database.go:161.34,163.5 1 0
subsnotifpro-go/database/database.go:166.3,166.18 1 0
subsnotifpro-go/database/database.go:168.10,169.78 1 0
subsnotifpro-go/database/database.go:174.69,176.16 2 0
subsnotifpro-go/database/database.go:176.16,178.3 1 0
subsnotifpro-go/database/database.go:181.2,188.12 5 0
subsnotifpro-go/database/setup_test_database.go:17.44,22.47 3 0
subsnotifpro-go/database/setup_test_database.go:22.47,24.3 1 0
subsnotifpro-go/database/setup_test_database.go:26.2,30.16 3 0
subsnotifpro-go/database/setup_test_database.go:30.16,32.3 1 0
subsnotifpro-go/database/setup_test_database.go:35.2,36.64 2 0
subsnotifpro-go/database/setup_test_database.go:36.64,38.3 1 0
subsnotifpro-go/database/setup_test_database.go:41.2,42.16 2 0
subsnotifpro-go/database/setup_test_database.go:42.16,44.3 1 0
subsnotifpro-go/database/setup_test_database.go:45.2,49.20 4 0
subsnotifpro-go/internal/appstore/settings/service/service.go:38.101,45.2 1 0
subsnotifpro-go/internal/appstore/settings/service/service.go:47.106,49.16 2 0
subsnotifpro-go/internal/appstore/settings/service/service.go:49.16,51.3 1 0
subsnotifpro-go/internal/appstore/settings/service/service.go:52.2,52.21 1 0
subsnotifpro-go/internal/appstore/settings/service/service.go:52.21,54.3 1 0
subsnotifpro-go/internal/appstore/settings/service/service.go:56.2,62.8 1 0
subsnotifpro-go/internal/appstore/settings/service/service.go:65.95,67.16 2 0
subsnotifpro-go/internal/appstore/settings/service/service.go:67.16,69.3 1 0
subsnotifpro-go/internal/appstore/settings/service/service.go:71.2,72.40 2 0
subsnotifpro-go/internal/appstore/settings/service/service.go:72.40,79.3 1 0
subsnotifpro-go/internal/appstore/settings/service/service.go:81.2,81.23 1 0
subsnotifpro-go/internal/appstore/settings/service/service.go:84.133,93.16 3 0
subsnotifpro-go/internal/appstore/settings/service/service.go:93.16,95.3 1 0
subsnotifpro-go/internal/appstore/settings/service/service.go:97.2,102.8 1 0
subsnotifpro-go/internal/appstore/settings/service/service.go:105.73,107.2 1 0
subsnotifpro-go/internal/appstore/settings/service/service.go:109.88,112.16 2 0
subsnotifpro-go/internal/appstore/settings/service/service.go:112.16,114.3 1 0
subsnotifpro-go/internal/appstore/settings/service/service.go:115.2,115.21 1 0
subsnotifpro-go/internal/appstore/settings/service/service.go:115.21,117.3 1 0
subsnotifpro-go/internal/appstore/settings/service/service.go:120.2,121.18 2 0
subsnotifpro-go/internal/appstore/settings/service/service.go:121.18,123.3 1 0
subsnotifpro-go/internal/appstore/settings/service/service.go:125.2,126.16 2 0
subsnotifpro-go/internal/appstore/settings/service/service.go:126.16,128.3 1 0
subsnotifpro-go/internal/appstore/settings/service/service.go:130.2,131.9 2 0
subsnotifpro-go/internal/appstore/settings/service/service.go:131.9,133.3 1 0
subsnotifpro-go/internal/appstore/settings/service/service.go:136.2,149.16 4 0
subsnotifpro-go/internal/appstore/settings/service/service.go:149.16,151.3 1 0
subsnotifpro-go/internal/appstore/settings/service/service.go:153.2,153.25 1 0
subsnotifpro-go/internal/appstore/settings/service/service.go:156.150,159.16 2 0
subsnotifpro-go/internal/appstore/settings/service/service.go:159.16,161.3 1 0
subsnotifpro-go/internal/appstore/settings/service/service.go:164.2,165.13 2 0
subsnotifpro-go/internal/appstore/settings/service/service.go:165.13,167.3 1 0
subsnotifpro-go/internal/appstore/settings/service/service.go:170.2,172.16 3 0
subsnotifpro-go/internal/appstore/settings/service/service.go:172.16,174.3 1 0
subsnotifpro-go/internal/appstore/settings/service/service.go:177.2,182.16 4 0
subsnotifpro-go/internal/appstore/settings/service/service.go:182.16,184.3 1 0
subsnotifpro-go/internal/appstore/settings/service/service.go:185.2,188.38 2 0
subsnotifpro-go/internal/appstore/settings/service/service.go:188.38,192.75 2 0
subsnotifpro-go/internal/appstore/settings/service/service.go:192.75,194.4 1 0
subsnotifpro-go/internal/appstore/settings/service/service.go:195.3,195.80 1 0
subsnotifpro-go/internal/appstore/settings/service/service.go:199.2,200.67 2 0
subsnotifpro-go/internal/appstore/settings/service/service.go:200.67,202.3 1 0
subsnotifpro-go/internal/appstore/settings/service/service.go:204.2,204.21 1 0
subsnotifpro-go/examples/complete_integration_example.go:17.109,63.2 18 0
subsnotifpro-go/examples/complete_integration_example.go:63.2,65.49 1 0
subsnotifpro-go/examples/complete_integration_example.go:65.49,76.4 2 0
subsnotifpro-go/examples/complete_integration_example.go:79.3,79.55 1 0
subsnotifpro-go/examples/complete_integration_example.go:79.55,81.21 2 0
subsnotifpro-go/examples/complete_integration_example.go:81.21,83.5 1 0
subsnotifpro-go/examples/complete_integration_example.go:86.4,93.6 4 0
subsnotifpro-go/examples/complete_integration_example.go:97.3,97.51 1 0
subsnotifpro-go/examples/complete_integration_example.go:97.51,104.4 1 0
subsnotifpro-go/examples/complete_integration_example.go:108.2,108.48 1 0
subsnotifpro-go/examples/complete_integration_example.go:108.48,118.3 2 0
subsnotifpro-go/examples/complete_integration_example.go:123.88,130.2 1 0
subsnotifpro-go/examples/complete_integration_example.go:132.68,136.2 1 0
subsnotifpro-go/examples/complete_integration_example.go:138.57,156.2 1 0
subsnotifpro-go/examples/complete_integration_example.go:158.63,185.2 1 0
subsnotifpro-go/examples/complete_integration_example.go:224.48,259.2 1 0
subsnotifpro-go/examples/enhanced_playstore_routes_with_cache.go:14.99,23.52 5 0
subsnotifpro-go/examples/enhanced_playstore_routes_with_cache.go:23.52,25.3 1 0
subsnotifpro-go/examples/enhanced_playstore_routes_with_cache.go:28.2,148.55 28 0
subsnotifpro-go/examples/enhanced_playstore_routes_with_cache.go:148.55,150.20 2 0
subsnotifpro-go/examples/enhanced_playstore_routes_with_cache.go:150.20,152.4 1 0
subsnotifpro-go/examples/enhanced_playstore_routes_with_cache.go:155.3,162.5 4 0
subsnotifpro-go/examples/enhanced_playstore_routes_with_cache.go:175.55,220.2 1 0
subsnotifpro-go/examples/enhanced_routes_example.go:15.96,21.2 3 0
subsnotifpro-go/examples/enhanced_routes_example.go:21.2,52.3 9 0
subsnotifpro-go/examples/enhanced_routes_example.go:55.2,56.2 2 0
subsnotifpro-go/examples/enhanced_routes_example.go:56.2,65.3 5 0
subsnotifpro-go/examples/enhanced_routes_example.go:68.2,69.2 2 0
subsnotifpro-go/examples/enhanced_routes_example.go:69.2,79.3 5 0
subsnotifpro-go/examples/enhanced_routes_example.go:83.85,88.2 3 0
subsnotifpro-go/examples/enhanced_routes_example.go:88.2,97.3 6 0
subsnotifpro-go/examples/enhanced_routes_example.go:101.69,103.13 1 0
subsnotifpro-go/examples/enhanced_routes_example.go:104.20,105.44 1 0
subsnotifpro-go/examples/enhanced_routes_example.go:106.17,107.44 1 0
subsnotifpro-go/examples/enhanced_routes_example.go:108.21,109.44 1 0
subsnotifpro-go/examples/enhanced_routes_example.go:110.10,111.44 1 0
subsnotifpro-go/examples/observability_usage_example.go:18.110,22.2 1 0
subsnotifpro-go/examples/observability_usage_example.go:25.80,28.20 2 0
subsnotifpro-go/examples/observability_usage_example.go:28.20,30.3 1 0
subsnotifpro-go/examples/observability_usage_example.go:33.2,45.16 4 0
subsnotifpro-go/examples/observability_usage_example.go:45.16,48.3 2 0
subsnotifpro-go/examples/observability_usage_example.go:50.2,54.4 1 0
subsnotifpro-go/examples/observability_usage_example.go:58.71,68.16 4 0
subsnotifpro-go/examples/observability_usage_example.go:68.16,71.3 2 0
subsnotifpro-go/examples/observability_usage_example.go:73.2,76.4 1 0
subsnotifpro-go/examples/observability_usage_example.go:80.80,93.16 6 0
subsnotifpro-go/examples/observability_usage_example.go:93.16,96.3 2 0
subsnotifpro-go/examples/observability_usage_example.go:98.2,102.4 1 0
subsnotifpro-go/examples/observability_usage_example.go:106.104,115.2 2 0
subsnotifpro-go/examples/observability_usage_example.go:118.113,126.2 2 0
subsnotifpro-go/examples/observability_usage_example.go:129.112,134.28 2 0
subsnotifpro-go/examples/observability_usage_example.go:134.28,136.3 1 0
subsnotifpro-go/examples/observability_usage_example.go:138.2,138.12 1 0
subsnotifpro-go/internal/app/handler/app_handler.go:21.71,23.2 1 0
subsnotifpro-go/internal/app/handler/app_handler.go:24.48,26.47 2 0
subsnotifpro-go/internal/app/handler/app_handler.go:26.47,29.3 2 0
subsnotifpro-go/internal/app/handler/app_handler.go:31.2,31.83 1 0
subsnotifpro-go/internal/app/handler/app_handler.go:31.83,34.3 2 0
subsnotifpro-go/internal/app/handler/app_handler.go:36.2,36.87 1 0
subsnotifpro-go/internal/app/handler/app_handler.go:39.54,41.17 2 0
subsnotifpro-go/internal/app/handler/app_handler.go:41.17,44.3 2 0
subsnotifpro-go/internal/app/handler/app_handler.go:46.2,47.16 2 0
subsnotifpro-go/internal/app/handler/app_handler.go:47.16,50.3 2 0
subsnotifpro-go/internal/app/handler/app_handler.go:52.2,55.4 1 0
subsnotifpro-go/internal/app/handler/app_handler.go:58.56,64.47 2 0
subsnotifpro-go/internal/app/handler/app_handler.go:64.47,67.3 2 0
subsnotifpro-go/internal/app/handler/app_handler.go:69.2,69.104 1 0
subsnotifpro-go/internal/app/handler/app_handler.go:69.104,72.3 2 0
subsnotifpro-go/internal/app/handler/app_handler.go:74.2,74.78 1 0
subsnotifpro-go/internal/app/handler/playstore_setup_handler.go:23.110,25.2 1 0
subsnotifpro-go/internal/app/handler/playstore_setup_handler.go:27.59,29.49 2 0
subsnotifpro-go/internal/app/handler/playstore_setup_handler.go:29.49,32.3 2 0
subsnotifpro-go/internal/app/handler/playstore_setup_handler.go:34.2,34.73 1 0
subsnotifpro-go/internal/app/handler/playstore_setup_handler.go:34.73,37.3 2 0
subsnotifpro-go/internal/app/handler/playstore_setup_handler.go:39.2,39.69 1 0
subsnotifpro-go/internal/app/handler/playstore_setup_handler.go:42.72,47.47 2 0
subsnotifpro-go/internal/app/handler/playstore_setup_handler.go:47.47,50.3 2 0
subsnotifpro-go/internal/app/handler/playstore_setup_handler.go:52.2,52.89 1 0
subsnotifpro-go/internal/app/handler/playstore_setup_handler.go:52.89,55.3 2 0
subsnotifpro-go/internal/app/handler/playstore_setup_handler.go:57.2,57.83 1 0
subsnotifpro-go/internal/app/handler/playstore_setup_handler.go:60.65,62.17 2 0
subsnotifpro-go/internal/app/handler/playstore_setup_handler.go:62.17,65.3 2 0
subsnotifpro-go/internal/app/handler/playstore_setup_handler.go:67.2,68.16 2 0
subsnotifpro-go/internal/app/handler/playstore_setup_handler.go:68.16,71.3 2 0
subsnotifpro-go/internal/app/handler/playstore_setup_handler.go:73.2,73.30 1 0
subsnotifpro-go/internal/app/handler/playstore_setup_handler.go:76.64,82.47 2 0
subsnotifpro-go/internal/app/handler/playstore_setup_handler.go:82.47,85.3 2 0
subsnotifpro-go/internal/app/handler/playstore_setup_handler.go:87.2,87.95 1 0
subsnotifpro-go/internal/app/handler/playstore_setup_handler.go:87.95,90.3 2 0
subsnotifpro-go/internal/app/handler/playstore_setup_handler.go:92.2,92.75 1 0
subsnotifpro-go/internal/app/repository/app_repo.go:23.50,25.2 1 0
subsnotifpro-go/internal/app/repository/app_repo.go:28.53,30.2 1 0
subsnotifpro-go/internal/app/repository/app_repo.go:32.73,34.2 1 0
subsnotifpro-go/internal/app/repository/app_repo.go:36.83,40.2 3 0
subsnotifpro-go/internal/app/repository/playstore_setup_repo.go:26.72,28.2 1 0
subsnotifpro-go/internal/app/repository/playstore_setup_repo.go:31.75,33.2 1 0
subsnotifpro-go/internal/app/repository/playstore_setup_repo.go:35.102,41.2 1 0
subsnotifpro-go/internal/app/repository/playstore_setup_repo.go:43.108,47.2 3 0
subsnotifpro-go/internal/app/repository/playstore_setup_repo.go:49.113,54.2 1 0
subsnotifpro-go/internal/app/repository/playstore_setup_repo.go:56.103,61.2 1 0
subsnotifpro-go/internal/app/repository/playstore_setup_repo.go:63.103,68.2 1 0
subsnotifpro-go/internal/app/repository/setup_repo.go:23.60,25.2 1 0
subsnotifpro-go/internal/app/repository/setup_repo.go:28.63,30.2 1 0
subsnotifpro-go/internal/app/repository/setup_repo.go:32.90,34.2 1 0
subsnotifpro-go/internal/app/repository/setup_repo.go:36.104,40.2 3 0
subsnotifpro-go/internal/app/repository/setup_repo.go:42.110,47.2 1 0
subsnotifpro-go/internal/appstore/settings/handler/handler.go:15.99,17.2 1 0
subsnotifpro-go/internal/appstore/settings/handler/handler.go:19.63,21.20 2 0
subsnotifpro-go/internal/appstore/settings/handler/handler.go:21.20,24.3 2 0
subsnotifpro-go/internal/appstore/settings/handler/handler.go:26.2,27.16 2 0
subsnotifpro-go/internal/appstore/settings/handler/handler.go:27.16,30.3 2 0
subsnotifpro-go/internal/appstore/settings/handler/handler.go:32.2,32.21 1 0
subsnotifpro-go/internal/appstore/settings/handler/handler.go:32.21,35.3 2 0
subsnotifpro-go/internal/appstore/settings/handler/handler.go:37.2,37.33 1 0
subsnotifpro-go/internal/appstore/settings/handler/handler.go:40.66,42.16 2 0
subsnotifpro-go/internal/appstore/settings/handler/handler.go:42.16,45.3 2 0
subsnotifpro-go/internal/appstore/settings/handler/handler.go:47.2,47.33 1 0
subsnotifpro-go/internal/appstore/settings/handler/handler.go:50.66,52.51 2 0
subsnotifpro-go/internal/appstore/settings/handler/handler.go:52.51,55.3 2 0
subsnotifpro-go/internal/appstore/settings/handler/handler.go:57.2,58.16 2 0
subsnotifpro-go/internal/appstore/settings/handler/handler.go:58.16,61.3 2 0
subsnotifpro-go/internal/appstore/settings/handler/handler.go:63.2,63.33 1 0
subsnotifpro-go/internal/appstore/settings/handler/handler.go:66.66,68.20 2 0
subsnotifpro-go/internal/appstore/settings/handler/handler.go:68.20,71.3 2 0
subsnotifpro-go/internal/appstore/settings/handler/handler.go:73.2,74.16 2 0
subsnotifpro-go/internal/appstore/settings/handler/handler.go:74.16,77.3 2 0
subsnotifpro-go/internal/appstore/settings/handler/handler.go:79.2,79.74 1 0
subsnotifpro-go/internal/appstore/settings/handler/handler.go:82.63,84.20 2 0
subsnotifpro-go/internal/appstore/settings/handler/handler.go:84.20,87.3 2 0
subsnotifpro-go/internal/appstore/settings/handler/handler.go:89.2,90.16 2 0
subsnotifpro-go/internal/appstore/settings/handler/handler.go:90.16,96.3 2 0
subsnotifpro-go/internal/appstore/settings/handler/handler.go:98.2,102.4 1 0
subsnotifpro-go/internal/appstore/settings/handler/handler.go:105.72,108.20 2 0
subsnotifpro-go/internal/appstore/settings/handler/handler.go:108.20,111.3 2 0
subsnotifpro-go/internal/appstore/settings/handler/handler.go:113.2,114.23 2 0
subsnotifpro-go/internal/appstore/settings/handler/handler.go:114.23,116.3 1 0
subsnotifpro-go/internal/appstore/settings/handler/handler.go:119.2,123.16 3 0
subsnotifpro-go/internal/appstore/settings/handler/handler.go:123.16,129.3 2 0
subsnotifpro-go/internal/appstore/settings/handler/handler.go:131.2,135.4 1 0
subsnotifpro-go/internal/appstore/dispatch/consumer.go:32.21,42.52 1 0
subsnotifpro-go/internal/appstore/dispatch/consumer.go:42.52,45.12 2 0
subsnotifpro-go/internal/appstore/dispatch/consumer.go:45.12,47.6 1 0
subsnotifpro-go/internal/appstore/dispatch/consumer.go:48.5,48.64 1 0
subsnotifpro-go/internal/appstore/dispatch/consumer.go:63.9,65.65 2 0
subsnotifpro-go/internal/appstore/dispatch/consumer.go:65.65,69.3 3 0
subsnotifpro-go/internal/appstore/dispatch/consumer.go:71.2,71.69 1 0
subsnotifpro-go/internal/appstore/dispatch/consumer.go:71.69,77.17 3 0
subsnotifpro-go/internal/appstore/dispatch/consumer.go:77.17,80.4 2 0
subsnotifpro-go/internal/appstore/dispatch/consumer.go:81.3,81.14 1 0
subsnotifpro-go/internal/appstore/dispatch/consumer.go:81.14,84.4 2 0
subsnotifpro-go/internal/appstore/dispatch/consumer.go:87.3,88.21 2 0
subsnotifpro-go/internal/appstore/dispatch/consumer.go:88.21,90.77 2 0
subsnotifpro-go/internal/appstore/dispatch/consumer.go:90.77,93.5 2 0
subsnotifpro-go/internal/appstore/dispatch/consumer.go:96.3,96.81 1 0
subsnotifpro-go/internal/appstore/dispatch/consumer.go:96.81,99.4 2 0
subsnotifpro-go/internal/appstore/dispatch/consumer.go:102.3,102.76 1 0
subsnotifpro-go/internal/appstore/dispatch/consumer.go:102.76,105.4 2 0
subsnotifpro-go/internal/appstore/dispatch/consumer.go:108.3,108.97 1 0
subsnotifpro-go/internal/appstore/dispatch/consumer.go:108.97,111.4 2 0
subsnotifpro-go/internal/appstore/dispatch/consumer.go:113.3,113.13 1 0
subsnotifpro-go/internal/appstore/dispatch/publisher.go:21.22,25.2 1 0
subsnotifpro-go/internal/appstore/dispatch/publisher.go:28.115,30.2 1 0
subsnotifpro-go/internal/appstore/settings/repository/repository.go:20.76,22.2 1 0
subsnotifpro-go/internal/appstore/settings/repository/repository.go:24.101,27.25 3 0
subsnotifpro-go/internal/appstore/settings/repository/repository.go:27.25,28.45 1 0
subsnotifpro-go/internal/appstore/settings/repository/repository.go:28.45,30.4 1 0
subsnotifpro-go/internal/appstore/settings/repository/repository.go:31.3,31.27 1 0
subsnotifpro-go/internal/appstore/settings/repository/repository.go:33.2,33.23 1 0
subsnotifpro-go/internal/appstore/settings/repository/repository.go:36.90,39.25 3 0
subsnotifpro-go/internal/appstore/settings/repository/repository.go:39.25,41.3 1 0
subsnotifpro-go/internal/appstore/settings/repository/repository.go:42.2,42.22 1 0
subsnotifpro-go/internal/appstore/settings/repository/repository.go:45.130,50.49 3 0
subsnotifpro-go/internal/appstore/settings/repository/repository.go:50.49,52.3 1 0
subsnotifpro-go/internal/appstore/settings/repository/repository.go:54.2,54.35 1 0
subsnotifpro-go/internal/appstore/settings/repository/repository.go:54.35,56.53 1 0
subsnotifpro-go/internal/appstore/settings/repository/repository.go:56.53,58.4 1 0
subsnotifpro-go/internal/appstore/settings/repository/repository.go:59.3,59.23 1 0
subsnotifpro-go/internal/appstore/settings/repository/repository.go:63.2,64.50 2 0
subsnotifpro-go/internal/appstore/settings/repository/repository.go:64.50,66.3 1 0
subsnotifpro-go/internal/appstore/settings/repository/repository.go:67.2,67.22 1 0
subsnotifpro-go/internal/appstore/settings/repository/repository.go:70.76,73.2 2 0
subsnotifpro-go/internal/app/service/app_service.go:32.23,38.2 1 0
subsnotifpro-go/internal/app/service/app_service.go:41.85,42.67 1 0
subsnotifpro-go/internal/app/service/app_service.go:42.67,46.55 3 0
subsnotifpro-go/internal/app/service/app_service.go:46.55,48.4 1 0
subsnotifpro-go/internal/app/service/app_service.go:50.3,56.64 2 0
subsnotifpro-go/internal/app/service/app_service.go:56.64,58.4 1 0
subsnotifpro-go/internal/app/service/app_service.go:60.3,60.13 1 0
subsnotifpro-go/internal/app/service/app_service.go:65.112,67.16 2 0
subsnotifpro-go/internal/app/service/app_service.go:67.16,69.3 1 0
subsnotifpro-go/internal/app/service/app_service.go:71.2,72.16 2 0
subsnotifpro-go/internal/app/service/app_service.go:72.16,74.3 1 0
subsnotifpro-go/internal/app/service/app_service.go:76.2,76.24 1 0
subsnotifpro-go/internal/app/service/app_service.go:80.108,82.2 1 0
subsnotifpro-go/internal/app/service/playstore_setup_service.go:37.34,44.2 1 0
subsnotifpro-go/internal/app/service/playstore_setup_service.go:47.100,48.67 1 0
subsnotifpro-go/internal/app/service/playstore_setup_service.go:48.67,50.59 2 0
subsnotifpro-go/internal/app/service/playstore_setup_service.go:50.59,52.4 1 0
subsnotifpro-go/internal/app/service/playstore_setup_service.go:53.3,53.13 1 0
subsnotifpro-go/internal/app/service/playstore_setup_service.go:58.111,60.2 1 0
subsnotifpro-go/internal/app/service/playstore_setup_service.go:63.115,65.2 1 0
subsnotifpro-go/internal/app/service/playstore_setup_service.go:68.105,70.2 1 0
subsnotifpro-go/internal/app/service/playstore_setup_service.go:73.106,75.2 1 0
subsnotifpro-go/internal/app/service/playstore_setup_service.go:78.97,79.67 1 0
subsnotifpro-go/internal/app/service/playstore_setup_service.go:79.67,84.17 4 0
subsnotifpro-go/internal/app/service/playstore_setup_service.go:84.17,86.4 1 0
subsnotifpro-go/internal/app/service/playstore_setup_service.go:88.3,88.64 1 0
subsnotifpro-go/internal/app/service/playstore_setup_service.go:88.64,90.4 1 0
subsnotifpro-go/internal/app/service/playstore_setup_service.go:92.3,92.97 1 0
subsnotifpro-go/internal/app/service/playstore_setup_service.go:92.97,95.4 2 0
subsnotifpro-go/internal/app/service/playstore_setup_service.go:97.3,98.17 2 0
subsnotifpro-go/internal/app/service/playstore_setup_service.go:98.17,101.4 2 0
subsnotifpro-go/internal/app/service/playstore_setup_service.go:103.3,103.17 1 0
subsnotifpro-go/internal/app/service/playstore_setup_service.go:103.17,106.4 2 0
subsnotifpro-go/internal/app/service/playstore_setup_service.go:108.3,108.77 1 0
subsnotifpro-go/internal/app/service/playstore_setup_service.go:108.77,110.4 1 0
subsnotifpro-go/internal/app/service/playstore_setup_service.go:111.3,111.91 1 0
subsnotifpro-go/internal/app/service/playstore_setup_service.go:111.91,113.4 1 0
subsnotifpro-go/internal/app/service/playstore_setup_service.go:115.3,115.13 1 0
subsnotifpro-go/internal/appstore/subscription/repository/consumption_repo.go:22.80,24.2 1 0
subsnotifpro-go/internal/appstore/subscription/repository/consumption_repo.go:26.113,28.2 1 0
subsnotifpro-go/internal/appstore/subscription/repository/consumption_repo.go:30.113,32.2 1 0
subsnotifpro-go/internal/appstore/subscription/repository/consumption_repo.go:34.153,38.2 3 0
subsnotifpro-go/internal/appstore/subscription/repository/repository.go:24.73,26.2 1 0
subsnotifpro-go/internal/appstore/subscription/repository/repository.go:32.41,38.16 3 0
subsnotifpro-go/internal/appstore/subscription/repository/repository.go:38.16,40.3 1 0
subsnotifpro-go/internal/appstore/subscription/repository/repository.go:41.2,41.27 1 0
subsnotifpro-go/internal/appstore/subscription/repository/repository.go:48.9,49.71 1 0
subsnotifpro-go/internal/appstore/subscription/repository/repository.go:49.71,51.3 1 0
subsnotifpro-go/internal/appstore/subscription/repository/repository.go:52.2,52.12 1 0
subsnotifpro-go/internal/appstore/subscription/repository/repository.go:59.9,60.69 1 0
subsnotifpro-go/internal/appstore/subscription/repository/repository.go:60.69,62.3 1 0
subsnotifpro-go/internal/appstore/subscription/repository/repository.go:63.2,63.12 1 0
subsnotifpro-go/internal/appstore/subscription/repository/repository.go:71.41,78.16 3 0
subsnotifpro-go/internal/appstore/subscription/repository/repository.go:78.16,80.3 1 0
subsnotifpro-go/internal/appstore/subscription/repository/repository.go:82.2,82.35 1 0
subsnotifpro-go/internal/appstore/subscription/repository/repository.go:82.35,84.3 1 0
subsnotifpro-go/internal/appstore/subscription/repository/repository.go:87.2,105.19 2 0
subsnotifpro-go/internal/appstore/subscription/repository/repository.go:105.19,107.3 1 0
subsnotifpro-go/internal/appstore/subscription/repository/repository.go:109.2,109.84 1 0
subsnotifpro-go/internal/appstore/subscription/repository/repository.go:109.84,111.3 1 0
subsnotifpro-go/internal/appstore/subscription/repository/repository.go:113.2,113.35 1 0
subsnotifpro-go/internal/appstore/subscription/repository/repository.go:113.35,117.3 3 0
subsnotifpro-go/internal/appstore/subscription/repository/repository.go:119.2,119.72 1 0
subsnotifpro-go/internal/appstore/subscription/repository/repository.go:119.72,121.3 1 0
subsnotifpro-go/internal/appstore/subscription/repository/repository.go:123.2,123.27 1 0
subsnotifpro-go/internal/appstore/subscription/models/models.go:40.64,41.25 1 0
subsnotifpro-go/internal/appstore/subscription/models/models.go:42.9,43.21 1 0
subsnotifpro-go/internal/appstore/subscription/models/models.go:44.9,45.22 1 0
subsnotifpro-go/internal/appstore/subscription/models/models.go:46.10,48.22 1 0
subsnotifpro-go/internal/appstore/subscription/models/models.go:115.48,117.2 1 0
subsnotifpro-go/internal/appstore/subscription/models/models.go:227.45,229.2 1 0
subsnotifpro-go/internal/appstore/subscription/models/models.go:231.42,233.2 1 0
subsnotifpro-go/internal/appstore/subscription/models/models.go:235.45,237.2 1 0
subsnotifpro-go/internal/appstore/subscription/models/models.go:239.38,241.2 1 0
subsnotifpro-go/internal/appstore/subscription/models/models.go:244.64,245.35 1 0
subsnotifpro-go/internal/appstore/subscription/models/models.go:245.35,247.3 1 0
subsnotifpro-go/internal/appstore/subscription/models/models.go:248.2,248.26 1 0
subsnotifpro-go/internal/appstore/subscription/models/models.go:248.26,250.3 1 0
subsnotifpro-go/internal/appstore/subscription/models/models.go:251.2,251.12 1 0
subsnotifpro-go/internal/appstore/subscription/models/models.go:255.69,256.34 1 0
subsnotifpro-go/internal/appstore/subscription/models/models.go:256.34,258.3 1 0
subsnotifpro-go/internal/appstore/subscription/models/models.go:259.2,259.26 1 0
subsnotifpro-go/internal/appstore/subscription/models/models.go:259.26,261.3 1 0
subsnotifpro-go/internal/appstore/subscription/models/models.go:262.2,262.12 1 0
subsnotifpro-go/internal/appstore/subscription/models/models.go:269.39,270.14 1 0
subsnotifpro-go/internal/appstore/subscription/models/models.go:270.14,272.3 1 0
subsnotifpro-go/internal/appstore/subscription/models/models.go:274.2,275.24 1 0
subsnotifpro-go/internal/appstore/subscription/models/models.go:275.24,276.27 1 0
subsnotifpro-go/internal/appstore/subscription/models/models.go:276.27,278.5 1 0
subsnotifpro-go/internal/appstore/subscription/models/models.go:279.4,279.21 1 0
subsnotifpro-go/internal/appstore/subscription/models/models.go:305.2,305.37 1 0
subsnotifpro-go/internal/appstore/subscription/models/models.go:305.37,307.3 1 0
subsnotifpro-go/internal/appstore/subscription/models/models.go:308.2,308.29 1 0
subsnotifpro-go/internal/appstore/subscription/models/models.go:308.29,310.3 1 0
subsnotifpro-go/internal/appstore/subscription/models/models.go:311.2,311.30 1 0
subsnotifpro-go/internal/appstore/subscription/models/models.go:311.30,313.3 1 0
subsnotifpro-go/internal/appstore/subscription/models/models.go:314.2,314.24 1 0
subsnotifpro-go/internal/appstore/subscription/models/models.go:314.24,316.3 1 0
subsnotifpro-go/internal/appstore/subscription/models/models.go:317.2,317.30 1 0
subsnotifpro-go/internal/appstore/subscription/models/models.go:317.30,319.3 1 0
subsnotifpro-go/internal/appstore/subscription/models/models.go:320.2,320.28 1 0
subsnotifpro-go/internal/appstore/subscription/models/models.go:320.28,322.3 1 0
subsnotifpro-go/internal/appstore/subscription/models/models.go:324.2,324.25 1 0
subsnotifpro-go/internal/appstore/subscription/models/models.go:324.25,329.63 3 0
subsnotifpro-go/internal/appstore/subscription/models/models.go:329.63,332.4 2 0
subsnotifpro-go/internal/appstore/subscription/models/models.go:334.3,335.38 2 0
subsnotifpro-go/internal/appstore/subscription/models/models.go:338.2,338.19 1 0
subsnotifpro-go/internal/appstore/subscription/models/models.go:347.9,349.16 2 0
subsnotifpro-go/internal/appstore/subscription/models/models.go:349.16,351.3 1 0
subsnotifpro-go/internal/appstore/subscription/models/models.go:353.2,353.18 1 0
subsnotifpro-go/internal/appstore/subscription/models/models.go:353.18,355.3 1 0
subsnotifpro-go/internal/appstore/subscription/models/models.go:357.2,357.47 1 0
subsnotifpro-go/internal/appstore/subscription/models/models.go:357.47,359.3 1 0
subsnotifpro-go/internal/appstore/subscription/models/models.go:362.2,362.21 1 0
subsnotifpro-go/internal/appstore/subscription/models/models.go:362.21,364.3 1 0
subsnotifpro-go/internal/appstore/subscription/models/models.go:365.2,372.4 2 0
subsnotifpro-go/internal/appstore/subscription/models/models.go:372.4,375.86 3 0
subsnotifpro-go/internal/appstore/subscription/models/models.go:375.86,377.4 1 0
subsnotifpro-go/internal/appstore/subscription/models/models.go:380.2,380.12 1 0
subsnotifpro-go/internal/appstore/subscription/models/models.go:387.8,398.2 1 0
subsnotifpro-go/internal/appstore/subscription/service/consumption_request.go:23.41,29.16 4 0
subsnotifpro-go/internal/appstore/subscription/service/consumption_request.go:29.16,30.45 1 0
subsnotifpro-go/internal/appstore/subscription/service/consumption_request.go:30.45,33.4 1 0
subsnotifpro-go/internal/appstore/subscription/service/consumption_request.go:34.3,34.65 1 0
subsnotifpro-go/internal/appstore/subscription/service/consumption_request.go:38.2,38.88 1 0
subsnotifpro-go/internal/appstore/subscription/service/consumption_request.go:38.88,41.3 1 0
subsnotifpro-go/internal/appstore/subscription/service/consumption_request.go:44.2,45.61 2 0
subsnotifpro-go/internal/appstore/subscription/service/consumption_request.go:45.61,47.3 1 0
subsnotifpro-go/internal/appstore/subscription/service/consumption_request.go:50.2,61.74 2 0
subsnotifpro-go/internal/appstore/subscription/service/consumption_request.go:61.74,63.3 1 0
subsnotifpro-go/internal/appstore/subscription/service/consumption_request.go:66.2,67.108 2 0
subsnotifpro-go/internal/appstore/subscription/service/consumption_request.go:67.108,69.3 1 0
subsnotifpro-go/internal/appstore/subscription/service/consumption_request.go:71.2,83.71 2 0
subsnotifpro-go/internal/appstore/subscription/service/consumption_request.go:83.71,86.87 2 0
subsnotifpro-go/internal/appstore/subscription/service/consumption_request.go:86.87,88.4 1 0
subsnotifpro-go/internal/appstore/subscription/service/consumption_request.go:89.3,89.69 1 0
subsnotifpro-go/internal/appstore/subscription/service/consumption_request.go:93.2,96.74 4 0
subsnotifpro-go/internal/appstore/subscription/service/consumption_request.go:96.74,98.3 1 0
subsnotifpro-go/internal/appstore/subscription/service/consumption_request.go:100.2,100.26 1 0
subsnotifpro-go/internal/appstore/subscription/service/consumption_request.go:107.9,129.2 1 0
subsnotifpro-go/internal/appstore/subscription/service/consumption_request.go:132.80,136.2 1 0
subsnotifpro-go/internal/appstore/subscription/service/consumption_request.go:138.85,142.2 1 0
subsnotifpro-go/internal/appstore/subscription/service/consumption_request.go:144.83,148.2 1 0
subsnotifpro-go/internal/appstore/subscription/service/consumption_request.go:150.93,154.2 1 0
subsnotifpro-go/internal/appstore/subscription/service/consumption_request.go:160.9,209.2 1 0
subsnotifpro-go/internal/appstore/subscription/service/consumption_request.go:211.50,216.69 2 0
subsnotifpro-go/internal/appstore/subscription/service/consumption_request.go:216.69,218.3 1 0
subsnotifpro-go/internal/appstore/subscription/service/consumption_request.go:219.2,219.76 1 0
subsnotifpro-go/internal/appstore/subscription/service/did_change_renewal_pref.go:20.41,25.41 3 0
subsnotifpro-go/internal/appstore/subscription/service/did_change_renewal_pref.go:25.41,27.3 1 0
subsnotifpro-go/internal/appstore/subscription/service/did_change_renewal_pref.go:29.2,29.62 1 0
subsnotifpro-go/internal/appstore/subscription/service/did_change_renewal_pref.go:29.62,31.3 1 0
subsnotifpro-go/internal/appstore/subscription/service/did_change_renewal_pref.go:34.2,35.16 2 0
subsnotifpro-go/internal/appstore/subscription/service/did_change_renewal_pref.go:35.16,36.45 1 0
subsnotifpro-go/internal/appstore/subscription/service/did_change_renewal_pref.go:36.45,38.4 1 0
subsnotifpro-go/internal/appstore/subscription/service/did_change_renewal_pref.go:39.3,39.65 1 0
subsnotifpro-go/internal/appstore/subscription/service/did_change_renewal_pref.go:43.2,43.19 1 0
subsnotifpro-go/internal/appstore/subscription/service/did_change_renewal_pref.go:43.19,44.72 1 0
subsnotifpro-go/internal/appstore/subscription/service/did_change_renewal_pref.go:44.72,47.4 1 0
subsnotifpro-go/internal/appstore/subscription/service/did_change_renewal_pref.go:50.3,50.38 1 0
subsnotifpro-go/internal/appstore/subscription/service/did_change_renewal_pref.go:50.38,52.4 1 0
subsnotifpro-go/internal/appstore/subscription/service/did_change_renewal_pref.go:56.2,64.60 6 0
subsnotifpro-go/internal/appstore/subscription/service/did_change_renewal_pref.go:65.19,67.40 2 0
subsnotifpro-go/internal/appstore/subscription/service/did_change_renewal_pref.go:68.21,70.42 2 0
subsnotifpro-go/internal/appstore/subscription/service/did_change_renewal_pref.go:71.10,73.55 1 0
subsnotifpro-go/internal/appstore/subscription/service/did_change_renewal_pref.go:77.2,87.39 9 0
subsnotifpro-go/internal/appstore/subscription/service/did_change_renewal_pref.go:87.39,90.36 3 0
subsnotifpro-go/internal/appstore/subscription/service/did_change_renewal_pref.go:90.36,92.4 1 0
subsnotifpro-go/internal/appstore/subscription/service/did_change_renewal_pref.go:96.2,96.61 1 0
subsnotifpro-go/internal/appstore/subscription/service/did_change_renewal_pref.go:96.61,98.3 1 0
subsnotifpro-go/internal/appstore/subscription/service/did_change_renewal_pref.go:101.2,101.83 1 0
subsnotifpro-go/internal/appstore/subscription/service/did_change_renewal_pref.go:101.83,103.3 1 0
subsnotifpro-go/internal/appstore/subscription/service/did_change_renewal_pref.go:105.2,134.26 2 0
subsnotifpro-go/internal/appstore/subscription/service/did_change_renewal_status.go:20.41,24.41 2 0
subsnotifpro-go/internal/appstore/subscription/service/did_change_renewal_status.go:24.41,26.3 1 0
subsnotifpro-go/internal/appstore/subscription/service/did_change_renewal_status.go:28.2,28.62 1 0
subsnotifpro-go/internal/appstore/subscription/service/did_change_renewal_status.go:28.62,30.3 1 0
subsnotifpro-go/internal/appstore/subscription/service/did_change_renewal_status.go:33.2,37.60 4 0
subsnotifpro-go/internal/appstore/subscription/service/did_change_renewal_status.go:38.30,41.39 3 0
subsnotifpro-go/internal/appstore/subscription/service/did_change_renewal_status.go:42.31,45.40 3 0
subsnotifpro-go/internal/appstore/subscription/service/did_change_renewal_status.go:46.10,48.55 1 0
subsnotifpro-go/internal/appstore/subscription/service/did_change_renewal_status.go:52.2,53.16 2 0
subsnotifpro-go/internal/appstore/subscription/service/did_change_renewal_status.go:53.16,54.45 1 0
subsnotifpro-go/internal/appstore/subscription/service/did_change_renewal_status.go:54.45,56.4 1 0
subsnotifpro-go/internal/appstore/subscription/service/did_change_renewal_status.go:57.3,57.65 1 0
subsnotifpro-go/internal/appstore/subscription/service/did_change_renewal_status.go:61.2,61.19 1 0
subsnotifpro-go/internal/appstore/subscription/service/did_change_renewal_status.go:61.19,62.72 1 0
subsnotifpro-go/internal/appstore/subscription/service/did_change_renewal_status.go:62.72,65.4 1 0
subsnotifpro-go/internal/appstore/subscription/service/did_change_renewal_status.go:68.3,68.38 1 0
subsnotifpro-go/internal/appstore/subscription/service/did_change_renewal_status.go:68.38,70.4 1 0
subsnotifpro-go/internal/appstore/subscription/service/did_change_renewal_status.go:74.2,81.36 4 0
subsnotifpro-go/internal/appstore/subscription/service/did_change_renewal_status.go:81.36,83.3 1 0
subsnotifpro-go/internal/appstore/subscription/service/did_change_renewal_status.go:84.2,84.35 1 0
subsnotifpro-go/internal/appstore/subscription/service/did_change_renewal_status.go:84.35,86.3 1 0
subsnotifpro-go/internal/appstore/subscription/service/did_change_renewal_status.go:89.2,89.61 1 0
subsnotifpro-go/internal/appstore/subscription/service/did_change_renewal_status.go:89.61,91.3 1 0
subsnotifpro-go/internal/appstore/subscription/service/did_change_renewal_status.go:94.2,94.83 1 0
subsnotifpro-go/internal/appstore/subscription/service/did_change_renewal_status.go:94.83,96.3 1 0
subsnotifpro-go/internal/appstore/subscription/service/did_change_renewal_status.go:98.2,125.26 2 0
subsnotifpro-go/internal/appstore/subscription/service/did_fail_to_renew.go:20.41,24.41 2 0
subsnotifpro-go/internal/appstore/subscription/service/did_fail_to_renew.go:24.41,26.3 1 0
subsnotifpro-go/internal/appstore/subscription/service/did_fail_to_renew.go:28.2,28.62 1 0
subsnotifpro-go/internal/appstore/subscription/service/did_fail_to_renew.go:28.62,30.3 1 0
subsnotifpro-go/internal/appstore/subscription/service/did_fail_to_renew.go:33.2,34.16 2 0
subsnotifpro-go/internal/appstore/subscription/service/did_fail_to_renew.go:34.16,35.45 1 0
subsnotifpro-go/internal/appstore/subscription/service/did_fail_to_renew.go:35.45,37.4 1 0
subsnotifpro-go/internal/appstore/subscription/service/did_fail_to_renew.go:38.3,38.65 1 0
subsnotifpro-go/internal/appstore/subscription/service/did_fail_to_renew.go:42.2,42.19 1 0
subsnotifpro-go/internal/appstore/subscription/service/did_fail_to_renew.go:42.19,43.72 1 0
subsnotifpro-go/internal/appstore/subscription/service/did_fail_to_renew.go:43.72,46.4 1 0
subsnotifpro-go/internal/appstore/subscription/service/did_fail_to_renew.go:49.3,49.38 1 0
subsnotifpro-go/internal/appstore/subscription/service/did_fail_to_renew.go:49.38,51.4 1 0
subsnotifpro-go/internal/appstore/subscription/service/did_fail_to_renew.go:55.2,62.60 5 0
subsnotifpro-go/internal/appstore/subscription/service/did_fail_to_renew.go:63.24,66.68 3 0
subsnotifpro-go/internal/appstore/subscription/service/did_fail_to_renew.go:67.10,70.65 3 0
subsnotifpro-go/internal/appstore/subscription/service/did_fail_to_renew.go:74.2,78.76 3 0
subsnotifpro-go/internal/appstore/subscription/service/did_fail_to_renew.go:78.76,79.36 1 0
subsnotifpro-go/internal/appstore/subscription/service/did_fail_to_renew.go:79.36,81.4 1 0
subsnotifpro-go/internal/appstore/subscription/service/did_fail_to_renew.go:85.2,85.61 1 0
subsnotifpro-go/internal/appstore/subscription/service/did_fail_to_renew.go:85.61,87.3 1 0
subsnotifpro-go/internal/appstore/subscription/service/did_fail_to_renew.go:90.2,90.83 1 0
subsnotifpro-go/internal/appstore/subscription/service/did_fail_to_renew.go:90.83,92.3 1 0
subsnotifpro-go/internal/appstore/subscription/service/did_fail_to_renew.go:94.2,116.26 2 0
subsnotifpro-go/internal/appstore/subscription/service/did_renew.go:22.41,32.41 4 0
subsnotifpro-go/internal/appstore/subscription/service/did_renew.go:32.41,34.3 1 0
subsnotifpro-go/internal/appstore/subscription/service/did_renew.go:37.2,38.16 2 0
subsnotifpro-go/internal/appstore/subscription/service/did_renew.go:38.16,39.45 1 0
subsnotifpro-go/internal/appstore/subscription/service/did_renew.go:39.45,41.4 1 0
subsnotifpro-go/internal/appstore/subscription/service/did_renew.go:42.3,42.65 1 0
subsnotifpro-go/internal/appstore/subscription/service/did_renew.go:46.2,46.19 1 0
subsnotifpro-go/internal/appstore/subscription/service/did_renew.go:46.19,47.72 1 0
subsnotifpro-go/internal/appstore/subscription/service/did_renew.go:47.72,50.4 1 0
subsnotifpro-go/internal/appstore/subscription/service/did_renew.go:53.3,53.38 1 0
subsnotifpro-go/internal/appstore/subscription/service/did_renew.go:53.38,55.4 1 0
subsnotifpro-go/internal/appstore/subscription/service/did_renew.go:59.2,59.52 1 0
subsnotifpro-go/internal/appstore/subscription/service/did_renew.go:59.52,62.3 1 0
subsnotifpro-go/internal/appstore/subscription/service/did_renew.go:65.2,76.35 8 0
subsnotifpro-go/internal/appstore/subscription/service/did_renew.go:76.35,79.3 2 0
subsnotifpro-go/internal/appstore/subscription/service/did_renew.go:82.2,82.50 1 0
subsnotifpro-go/internal/appstore/subscription/service/did_renew.go:82.50,83.59 1 0
subsnotifpro-go/internal/appstore/subscription/service/did_renew.go:83.59,85.4 1 0
subsnotifpro-go/internal/appstore/subscription/service/did_renew.go:85.9,87.4 1 0
subsnotifpro-go/internal/appstore/subscription/service/did_renew.go:91.2,91.39 1 0
subsnotifpro-go/internal/appstore/subscription/service/did_renew.go:91.39,94.36 3 0
subsnotifpro-go/internal/appstore/subscription/service/did_renew.go:94.36,96.4 1 0
subsnotifpro-go/internal/appstore/subscription/service/did_renew.go:100.2,103.78 3 0
subsnotifpro-go/internal/appstore/subscription/service/did_renew.go:103.78,106.3 2 0
subsnotifpro-go/internal/appstore/subscription/service/did_renew.go:109.2,109.61 1 0
subsnotifpro-go/internal/appstore/subscription/service/did_renew.go:109.61,111.3 1 0
subsnotifpro-go/internal/appstore/subscription/service/did_renew.go:114.2,114.83 1 0
subsnotifpro-go/internal/appstore/subscription/service/did_renew.go:114.83,116.3 1 0
subsnotifpro-go/internal/appstore/subscription/service/did_renew.go:118.2,128.26 2 0
subsnotifpro-go/internal/appstore/subscription/service/did_renew.go:131.77,132.23 1 0
subsnotifpro-go/internal/appstore/subscription/service/did_renew.go:135.40,136.14 1 0
subsnotifpro-go/internal/appstore/subscription/service/did_renew.go:137.10,138.15 1 0
subsnotifpro-go/internal/appstore/subscription/service/expired.go:20.41,24.41 2 0
subsnotifpro-go/internal/appstore/subscription/service/expired.go:24.41,26.3 1 0
subsnotifpro-go/internal/appstore/subscription/service/expired.go:28.2,28.62 1 0
subsnotifpro-go/internal/appstore/subscription/service/expired.go:28.62,30.3 1 0
subsnotifpro-go/internal/appstore/subscription/service/expired.go:33.2,34.16 2 0
subsnotifpro-go/internal/appstore/subscription/service/expired.go:34.16,35.45 1 0
subsnotifpro-go/internal/appstore/subscription/service/expired.go:35.45,37.4 1 0
subsnotifpro-go/internal/appstore/subscription/service/expired.go:38.3,38.65 1 0
subsnotifpro-go/internal/appstore/subscription/service/expired.go:42.2,42.19 1 0
subsnotifpro-go/internal/appstore/subscription/service/expired.go:42.19,43.72 1 0
subsnotifpro-go/internal/appstore/subscription/service/expired.go:43.72,46.4 1 0
subsnotifpro-go/internal/appstore/subscription/service/expired.go:49.3,49.38 1 0
subsnotifpro-go/internal/appstore/subscription/service/expired.go:49.38,51.4 1 0
subsnotifpro-go/internal/appstore/subscription/service/expired.go:55.2,59.60 3 0
subsnotifpro-go/internal/appstore/subscription/service/expired.go:60.21,61.52 1 0
subsnotifpro-go/internal/appstore/subscription/service/expired.go:62.25,63.67 1 0
subsnotifpro-go/internal/appstore/subscription/service/expired.go:64.34,65.66 1 0
subsnotifpro-go/internal/appstore/subscription/service/expired.go:66.32,67.72 1 0
subsnotifpro-go/internal/appstore/subscription/service/expired.go:68.10,69.34 1 0
subsnotifpro-go/internal/appstore/subscription/service/expired.go:73.2,81.61 5 0
subsnotifpro-go/internal/appstore/subscription/service/expired.go:81.61,83.3 1 0
subsnotifpro-go/internal/appstore/subscription/service/expired.go:86.2,86.100 1 0
subsnotifpro-go/internal/appstore/subscription/service/expired.go:86.100,88.3 1 0
subsnotifpro-go/internal/appstore/subscription/service/expired.go:90.2,120.26 2 0
subsnotifpro-go/internal/appstore/subscription/service/external_purchase_token.go:20.41,25.28 3 0
subsnotifpro-go/internal/appstore/subscription/service/external_purchase_token.go:25.28,27.3 1 0
subsnotifpro-go/internal/appstore/subscription/service/external_purchase_token.go:30.2,31.59 2 0
subsnotifpro-go/internal/appstore/subscription/service/external_purchase_token.go:31.59,33.3 1 0
subsnotifpro-go/internal/appstore/subscription/service/external_purchase_token.go:36.2,36.25 1 0
subsnotifpro-go/internal/appstore/subscription/service/external_purchase_token.go:36.25,39.53 2 0
subsnotifpro-go/internal/appstore/subscription/service/external_purchase_token.go:39.53,41.4 1 0
subsnotifpro-go/internal/appstore/subscription/service/external_purchase_token.go:43.3,44.44 1 0
subsnotifpro-go/internal/appstore/subscription/service/external_purchase_token.go:45.8,58.20 2 0
subsnotifpro-go/internal/appstore/subscription/service/external_purchase_token.go:58.20,60.4 1 0
subsnotifpro-go/internal/appstore/subscription/service/external_purchase_token.go:62.3,62.58 1 0
subsnotifpro-go/internal/appstore/subscription/service/external_purchase_token.go:62.58,64.4 1 0
subsnotifpro-go/internal/appstore/subscription/service/external_purchase_token.go:66.3,67.27 1 0
subsnotifpro-go/internal/appstore/subscription/service/external_purchase_token.go:71.2,74.25 3 0
subsnotifpro-go/internal/appstore/subscription/service/external_purchase_token.go:74.25,77.62 1 0
subsnotifpro-go/internal/appstore/subscription/service/external_purchase_token.go:77.62,79.4 1 0
subsnotifpro-go/internal/appstore/subscription/service/external_purchase_token.go:81.3,81.84 1 0
subsnotifpro-go/internal/appstore/subscription/service/external_purchase_token.go:81.84,83.4 1 0
subsnotifpro-go/internal/appstore/subscription/service/external_purchase_token.go:95.2,95.26 1 0
subsnotifpro-go/internal/appstore/subscription/service/grace_period_expired.go:20.41,24.41 2 0
subsnotifpro-go/internal/appstore/subscription/service/grace_period_expired.go:24.41,26.3 1 0
subsnotifpro-go/internal/appstore/subscription/service/grace_period_expired.go:29.2,30.16 2 0
subsnotifpro-go/internal/appstore/subscription/service/grace_period_expired.go:30.16,31.45 1 0
subsnotifpro-go/internal/appstore/subscription/service/grace_period_expired.go:31.45,33.4 1 0
subsnotifpro-go/internal/appstore/subscription/service/grace_period_expired.go:34.3,34.65 1 0
subsnotifpro-go/internal/appstore/subscription/service/grace_period_expired.go:38.2,38.19 1 0
subsnotifpro-go/internal/appstore/subscription/service/grace_period_expired.go:38.19,39.72 1 0
subsnotifpro-go/internal/appstore/subscription/service/grace_period_expired.go:39.72,42.4 1 0
subsnotifpro-go/internal/appstore/subscription/service/grace_period_expired.go:46.2,46.65 1 0
subsnotifpro-go/internal/appstore/subscription/service/grace_period_expired.go:46.65,49.3 1 0
subsnotifpro-go/internal/appstore/subscription/service/grace_period_expired.go:52.2,58.61 5 0
subsnotifpro-go/internal/appstore/subscription/service/grace_period_expired.go:58.61,60.3 1 0
subsnotifpro-go/internal/appstore/subscription/service/grace_period_expired.go:63.2,64.105 2 0
subsnotifpro-go/internal/appstore/subscription/service/grace_period_expired.go:64.105,66.3 1 0
subsnotifpro-go/internal/appstore/subscription/service/grace_period_expired.go:68.2,80.26 2 0
subsnotifpro-go/internal/appstore/subscription/service/metadata_update.go:20.41,24.41 2 0
subsnotifpro-go/internal/appstore/subscription/service/metadata_update.go:24.41,26.3 1 0
subsnotifpro-go/internal/appstore/subscription/service/metadata_update.go:29.2,30.16 2 0
subsnotifpro-go/internal/appstore/subscription/service/metadata_update.go:30.16,31.45 1 0
subsnotifpro-go/internal/appstore/subscription/service/metadata_update.go:31.45,33.4 1 0
subsnotifpro-go/internal/appstore/subscription/service/metadata_update.go:34.3,34.65 1 0
subsnotifpro-go/internal/appstore/subscription/service/metadata_update.go:38.2,38.19 1 0
subsnotifpro-go/internal/appstore/subscription/service/metadata_update.go:38.19,39.72 1 0
subsnotifpro-go/internal/appstore/subscription/service/metadata_update.go:39.72,42.4 1 0
subsnotifpro-go/internal/appstore/subscription/service/metadata_update.go:49.2,54.61 2 0
subsnotifpro-go/internal/appstore/subscription/service/metadata_update.go:54.61,56.3 1 0
subsnotifpro-go/internal/appstore/subscription/service/metadata_update.go:57.2,58.104 2 0
subsnotifpro-go/internal/appstore/subscription/service/metadata_update.go:58.104,60.3 1 0
subsnotifpro-go/internal/appstore/subscription/service/metadata_update.go:62.2,74.26 2 0
subsnotifpro-go/internal/appstore/subscription/service/migration.go:21.41,25.41 2 0
subsnotifpro-go/internal/appstore/subscription/service/migration.go:25.41,27.3 1 0
subsnotifpro-go/internal/appstore/subscription/service/migration.go:30.2,31.16 2 0
subsnotifpro-go/internal/appstore/subscription/service/migration.go:31.16,32.45 1 0
subsnotifpro-go/internal/appstore/subscription/service/migration.go:32.45,39.18 3 0
subsnotifpro-go/internal/appstore/subscription/service/migration.go:39.18,41.5 1 0
subsnotifpro-go/internal/appstore/subscription/service/migration.go:44.4,45.93 2 0
subsnotifpro-go/internal/appstore/subscription/service/migration.go:45.93,47.5 1 0
subsnotifpro-go/internal/appstore/subscription/service/migration.go:48.4,48.19 1 0
subsnotifpro-go/internal/appstore/subscription/service/migration.go:50.3,50.65 1 0
subsnotifpro-go/internal/appstore/subscription/service/migration.go:54.2,54.19 1 0
subsnotifpro-go/internal/appstore/subscription/service/migration.go:54.19,55.72 1 0
subsnotifpro-go/internal/appstore/subscription/service/migration.go:55.72,58.4 1 0
subsnotifpro-go/internal/appstore/subscription/service/migration.go:62.2,71.99 8 0
subsnotifpro-go/internal/appstore/subscription/service/migration.go:71.99,73.3 1 0
subsnotifpro-go/internal/appstore/subscription/service/migration.go:75.2,89.26 2 0
subsnotifpro-go/internal/appstore/subscription/service/migration.go:98.41,117.19 2 0
subsnotifpro-go/internal/appstore/subscription/service/migration.go:117.19,119.3 1 0
subsnotifpro-go/internal/appstore/subscription/service/migration.go:122.2,122.54 1 0
subsnotifpro-go/internal/appstore/subscription/service/migration.go:122.54,124.3 1 0
subsnotifpro-go/internal/appstore/subscription/service/migration.go:127.2,128.99 2 0
subsnotifpro-go/internal/appstore/subscription/service/migration.go:128.99,130.3 1 0
subsnotifpro-go/internal/appstore/subscription/service/migration.go:132.2,135.26 2 0
subsnotifpro-go/internal/appstore/subscription/service/offer_redeeemed.go:20.41,24.41 2 0
subsnotifpro-go/internal/appstore/subscription/service/offer_redeeemed.go:24.41,26.3 1 0
subsnotifpro-go/internal/appstore/subscription/service/offer_redeeemed.go:28.2,28.62 1 0
subsnotifpro-go/internal/appstore/subscription/service/offer_redeeemed.go:28.62,30.3 1 0
subsnotifpro-go/internal/appstore/subscription/service/offer_redeeemed.go:33.2,34.16 2 0
subsnotifpro-go/internal/appstore/subscription/service/offer_redeeemed.go:34.16,35.45 1 0
subsnotifpro-go/internal/appstore/subscription/service/offer_redeeemed.go:35.45,37.4 1 0
subsnotifpro-go/internal/appstore/subscription/service/offer_redeeemed.go:38.3,38.65 1 0
subsnotifpro-go/internal/appstore/subscription/service/offer_redeeemed.go:42.2,42.19 1 0
subsnotifpro-go/internal/appstore/subscription/service/offer_redeeemed.go:42.19,43.72 1 0
subsnotifpro-go/internal/appstore/subscription/service/offer_redeeemed.go:43.72,46.4 1 0
subsnotifpro-go/internal/appstore/subscription/service/offer_redeeemed.go:50.2,51.60 2 0
subsnotifpro-go/internal/appstore/subscription/service/offer_redeeemed.go:52.23,53.33 1 0
subsnotifpro-go/internal/appstore/subscription/service/offer_redeeemed.go:54.23,55.28 1 0
subsnotifpro-go/internal/appstore/subscription/service/offer_redeeemed.go:56.19,57.24 1 0
subsnotifpro-go/internal/appstore/subscription/service/offer_redeeemed.go:58.21,59.26 1 0
subsnotifpro-go/internal/appstore/subscription/service/offer_redeeemed.go:60.10,61.24 1 0
subsnotifpro-go/internal/appstore/subscription/service/offer_redeeemed.go:65.2,67.31 3 0
subsnotifpro-go/internal/appstore/subscription/service/offer_redeeemed.go:67.31,69.3 1 0
subsnotifpro-go/internal/appstore/subscription/service/offer_redeeemed.go:70.2,73.61 2 0
subsnotifpro-go/internal/appstore/subscription/service/offer_redeeemed.go:73.61,75.3 1 0
subsnotifpro-go/internal/appstore/subscription/service/offer_redeeemed.go:78.2,79.105 2 0
subsnotifpro-go/internal/appstore/subscription/service/offer_redeeemed.go:79.105,81.3 1 0
subsnotifpro-go/internal/appstore/subscription/service/offer_redeeemed.go:83.2,96.26 2 0
subsnotifpro-go/internal/appstore/subscription/service/one_time_charge.go:19.41,23.41 2 0
subsnotifpro-go/internal/appstore/subscription/service/one_time_charge.go:23.41,25.3 1 0
subsnotifpro-go/internal/appstore/subscription/service/one_time_charge.go:26.2,26.29 1 0
subsnotifpro-go/internal/appstore/subscription/service/one_time_charge.go:26.29,28.3 1 0
subsnotifpro-go/internal/appstore/subscription/service/one_time_charge.go:31.2,50.19 3 0
subsnotifpro-go/internal/appstore/subscription/service/one_time_charge.go:50.19,52.3 1 0
subsnotifpro-go/internal/appstore/subscription/service/one_time_charge.go:55.2,55.57 1 0
subsnotifpro-go/internal/appstore/subscription/service/one_time_charge.go:55.57,57.3 1 0
subsnotifpro-go/internal/appstore/subscription/service/one_time_charge.go:60.2,62.20 3 0
subsnotifpro-go/internal/appstore/subscription/service/one_time_charge.go:62.20,64.3 1 0
subsnotifpro-go/internal/appstore/subscription/service/one_time_charge.go:67.2,67.86 1 0
subsnotifpro-go/internal/appstore/subscription/service/one_time_charge.go:67.86,69.3 1 0
subsnotifpro-go/internal/appstore/subscription/service/one_time_charge.go:71.2,86.17 2 0
subsnotifpro-go/internal/appstore/subscription/service/price_change.go:21.41,25.45 2 0
subsnotifpro-go/internal/appstore/subscription/service/price_change.go:25.45,27.3 1 0
subsnotifpro-go/internal/appstore/subscription/service/price_change.go:30.2,31.16 2 0
subsnotifpro-go/internal/appstore/subscription/service/price_change.go:31.16,32.45 1 0
subsnotifpro-go/internal/appstore/subscription/service/price_change.go:32.45,34.4 1 0
subsnotifpro-go/internal/appstore/subscription/service/price_change.go:35.3,35.65 1 0
subsnotifpro-go/internal/appstore/subscription/service/price_change.go:39.2,39.19 1 0
subsnotifpro-go/internal/appstore/subscription/service/price_change.go:39.19,40.72 1 0
subsnotifpro-go/internal/appstore/subscription/service/price_change.go:40.72,43.4 1 0
subsnotifpro-go/internal/appstore/subscription/service/price_change.go:47.2,60.61 7 0
subsnotifpro-go/internal/appstore/subscription/service/price_change.go:60.61,62.3 1 0
subsnotifpro-go/internal/appstore/subscription/service/price_change.go:64.2,64.101 1 0
subsnotifpro-go/internal/appstore/subscription/service/price_change.go:64.101,66.3 1 0
subsnotifpro-go/internal/appstore/subscription/service/price_change.go:68.2,84.26 2 0
subsnotifpro-go/internal/appstore/subscription/service/price_increase.go:20.41,24.43 2 0
subsnotifpro-go/internal/appstore/subscription/service/price_increase.go:24.43,26.3 1 0
subsnotifpro-go/internal/appstore/subscription/service/price_increase.go:27.2,29.45 2 0
subsnotifpro-go/internal/appstore/subscription/service/price_increase.go:29.45,31.3 1 0
subsnotifpro-go/internal/appstore/subscription/service/price_increase.go:33.2,33.28 1 0
subsnotifpro-go/internal/appstore/subscription/service/price_increase.go:33.28,35.3 1 0
subsnotifpro-go/internal/appstore/subscription/service/price_increase.go:38.2,39.16 2 0
subsnotifpro-go/internal/appstore/subscription/service/price_increase.go:39.16,40.45 1 0
subsnotifpro-go/internal/appstore/subscription/service/price_increase.go:40.45,42.4 1 0
subsnotifpro-go/internal/appstore/subscription/service/price_increase.go:43.3,43.65 1 0
subsnotifpro-go/internal/appstore/subscription/service/price_increase.go:47.2,47.19 1 0
subsnotifpro-go/internal/appstore/subscription/service/price_increase.go:47.19,48.72 1 0
subsnotifpro-go/internal/appstore/subscription/service/price_increase.go:48.72,51.4 1 0
subsnotifpro-go/internal/appstore/subscription/service/price_increase.go:55.2,65.26 7 0
subsnotifpro-go/internal/appstore/subscription/service/price_increase.go:66.19,67.53 1 0
subsnotifpro-go/internal/appstore/subscription/service/price_increase.go:68.20,69.46 1 0
subsnotifpro-go/internal/appstore/subscription/service/price_increase.go:70.10,71.41 1 0
subsnotifpro-go/internal/appstore/subscription/service/price_increase.go:75.2,75.61 1 0
subsnotifpro-go/internal/appstore/subscription/service/price_increase.go:75.61,77.3 1 0
subsnotifpro-go/internal/appstore/subscription/service/price_increase.go:80.2,80.103 1 0
subsnotifpro-go/internal/appstore/subscription/service/price_increase.go:80.103,82.3 1 0
subsnotifpro-go/internal/appstore/subscription/service/price_increase.go:84.2,110.26 2 0
subsnotifpro-go/internal/appstore/subscription/service/refund.go:20.41,24.41 2 0
subsnotifpro-go/internal/appstore/subscription/service/refund.go:24.41,26.3 1 0
subsnotifpro-go/internal/appstore/subscription/service/refund.go:29.2,30.16 2 0
subsnotifpro-go/internal/appstore/subscription/service/refund.go:30.16,31.45 1 0
subsnotifpro-go/internal/appstore/subscription/service/refund.go:31.45,33.4 1 0
subsnotifpro-go/internal/appstore/subscription/service/refund.go:34.3,34.65 1 0
subsnotifpro-go/internal/appstore/subscription/service/refund.go:38.2,38.19 1 0
subsnotifpro-go/internal/appstore/subscription/service/refund.go:38.19,39.72 1 0
subsnotifpro-go/internal/appstore/subscription/service/refund.go:39.72,42.4 1 0
subsnotifpro-go/internal/appstore/subscription/service/refund.go:45.3,45.38 1 0
subsnotifpro-go/internal/appstore/subscription/service/refund.go:45.38,47.4 1 0
subsnotifpro-go/internal/appstore/subscription/service/refund.go:51.2,60.61 6 0
subsnotifpro-go/internal/appstore/subscription/service/refund.go:60.61,62.3 1 0
subsnotifpro-go/internal/appstore/subscription/service/refund.go:65.2,66.96 2 0
subsnotifpro-go/internal/appstore/subscription/service/refund.go:66.96,68.3 1 0
subsnotifpro-go/internal/appstore/subscription/service/refund.go:70.2,94.26 2 0
subsnotifpro-go/internal/appstore/subscription/service/refund_declined.go:20.41,24.41 2 0
subsnotifpro-go/internal/appstore/subscription/service/refund_declined.go:24.41,26.3 1 0
subsnotifpro-go/internal/appstore/subscription/service/refund_declined.go:29.2,30.16 2 0
subsnotifpro-go/internal/appstore/subscription/service/refund_declined.go:30.16,31.45 1 0
subsnotifpro-go/internal/appstore/subscription/service/refund_declined.go:31.45,33.4 1 0
subsnotifpro-go/internal/appstore/subscription/service/refund_declined.go:34.3,34.65 1 0
subsnotifpro-go/internal/appstore/subscription/service/refund_declined.go:38.2,38.19 1 0
subsnotifpro-go/internal/appstore/subscription/service/refund_declined.go:38.19,39.72 1 0
subsnotifpro-go/internal/appstore/subscription/service/refund_declined.go:39.72,42.4 1 0
subsnotifpro-go/internal/appstore/subscription/service/refund_declined.go:46.2,46.61 1 0
subsnotifpro-go/internal/appstore/subscription/service/refund_declined.go:46.61,48.3 1 0
subsnotifpro-go/internal/appstore/subscription/service/refund_declined.go:51.2,52.104 2 0
[...]
subsnotifpro-go/queue/setup.go:49.2,54.12 4 0
subsnotifpro-go/queue/setup.go:54.12,56.3 1 0
subsnotifpro-go/queue/setup.go:58.2,58.9 1 0
subsnotifpro-go/queue/setup.go:59.24,60.13 1 0
subsnotifpro-go/queue/setup.go:61.20,62.65 1 0
subsnotifpro-go/queue/setup.go:66.64,68.86 1 0
subsnotifpro-go/queue/setup.go:68.86,70.3 1 0
subsnotifpro-go/queue/setup.go:71.2,71.90 1 0
subsnotifpro-go/queue/setup.go:71.90,73.3 1 0
subsnotifpro-go/queue/setup.go:74.2,74.93 1 0
subsnotifpro-go/queue/setup.go:74.93,76.3 1 0
subsnotifpro-go/queue/setup.go:79.2,79.81 1 0
subsnotifpro-go/queue/setup.go:79.81,81.3 1 0
subsnotifpro-go/queue/setup.go:82.2,82.85 1 0
subsnotifpro-go/queue/setup.go:82.85,84.3 1 0
subsnotifpro-go/queue/setup.go:85.2,85.88 1 0
subsnotifpro-go/queue/setup.go:85.88,87.3 1 0
subsnotifpro-go/queue/setup.go:90.2,90.70 1 0
subsnotifpro-go/queue/setup.go:90.70,92.3 1 0
subsnotifpro-go/queue/setup.go:93.2,93.74 1 0
subsnotifpro-go/queue/setup.go:93.74,95.3 1 0
subsnotifpro-go/queue/setup.go:96.2,96.77 1 0
subsnotifpro-go/queue/setup.go:96.77,98.3 1 0
subsnotifpro-go/queue/setup.go:101.2,101.107 1 0
subsnotifpro-go/queue/setup.go:101.107,103.3 1 0
subsnotifpro-go/queue/setup.go:104.2,104.119 1 0
subsnotifpro-go/queue/setup.go:104.119,106.3 1 0
subsnotifpro-go/queue/setup.go:107.2,107.128 1 0
subsnotifpro-go/queue/setup.go:107.128,109.3 1 0
subsnotifpro-go/queue/setup.go:112.2,116.77 2 0
subsnotifpro-go/queue/setup.go:116.77,118.3 1 0
subsnotifpro-go/queue/setup.go:120.2,124.85 2 0
subsnotifpro-go/queue/setup.go:124.85,126.3 1 0
subsnotifpro-go/queue/setup.go:128.2,132.91 2 0
subsnotifpro-go/queue/setup.go:132.91,134.3 1 0
subsnotifpro-go/queue/setup.go:137.2,137.111 1 0
subsnotifpro-go/queue/setup.go:137.111,139.3 1 0
subsnotifpro-go/queue/setup.go:140.2,140.123 1 0
subsnotifpro-go/queue/setup.go:140.123,142.3 1 0
subsnotifpro-go/queue/setup.go:143.2,143.132 1 0
subsnotifpro-go/queue/setup.go:143.132,145.3 1 0
subsnotifpro-go/queue/setup.go:147.2,148.12 2 0
subsnotifpro-go/queue/setup.go:151.63,161.16 3 0
subsnotifpro-go/queue/setup.go:161.16,163.3 1 0
subsnotifpro-go/queue/setup.go:166.2,167.16 2 0
subsnotifpro-go/queue/setup.go:167.16,169.3 1 0
subsnotifpro-go/queue/setup.go:171.2,172.12 2 0
subsnotifpro-go/queue/setup.go:175.86,185.16 2 0
subsnotifpro-go/queue/setup.go:185.16,187.3 1 0
subsnotifpro-go/queue/setup.go:188.2,189.12 2 0
subsnotifpro-go/queue/setup.go:192.97,200.16 2 0
subsnotifpro-go/queue/setup.go:200.16,203.3 1 0
subsnotifpro-go/queue/setup.go:204.2,205.12 2 0
subsnotifpro-go/queue/setup.go:208.94,214.25 4 0
subsnotifpro-go/queue/setup.go:214.25,215.24 1 0
subsnotifpro-go/queue/setup.go:215.24,217.18 2 0
subsnotifpro-go/queue/setup.go:217.18,219.5 1 0
subsnotifpro-go/queue/setup.go:220.4,220.21 1 0
subsnotifpro-go/queue/setup.go:223.3,231.17 2 0
subsnotifpro-go/queue/setup.go:231.17,234.4 2 0
subsnotifpro-go/queue/setup.go:236.3,236.23 1 0
subsnotifpro-go/queue/setup.go:236.23,238.12 2 0
subsnotifpro-go/queue/setup.go:241.3,241.27 1 0
subsnotifpro-go/queue/setup.go:244.2,244.76 1 0
subsnotifpro-go/queue/setup.go:247.34,249.9 2 0
subsnotifpro-go/queue/setup.go:249.9,251.3 1 0
subsnotifpro-go/queue/setup.go:253.2,253.56 1 0
subsnotifpro-go/test_integration/test_enhanced_components.go:12.13,17.31 3 0
subsnotifpro-go/test_integration/test_enhanced_components.go:17.31,19.3 1 0
subsnotifpro-go/test_integration/test_enhanced_components.go:20.2,26.28 4 0
subsnotifpro-go/test_integration/test_enhanced_components.go:26.28,28.3 1 0
subsnotifpro-go/test_integration/test_enhanced_components.go:29.2,57.66 25 0
subsnotifpro-go/test_observability/test_observability_integration.go:17.13,25.16 4 0
subsnotifpro-go/test_observability/test_observability_integration.go:25.16,27.3 1 0
subsnotifpro-go/test_observability/test_observability_integration.go:28.2,33.46 3 0
subsnotifpro-go/test_observability/test_observability_integration.go:33.46,35.3 1 0
subsnotifpro-go/test_observability/test_observability_integration.go:35.8,37.3 1 0
subsnotifpro-go/test_observability/test_observability_integration.go:39.2,39.45 1 0
subsnotifpro-go/test_observability/test_observability_integration.go:39.45,52.3 6 0
subsnotifpro-go/test_observability/test_observability_integration.go:52.8,54.3 1 0
subsnotifpro-go/test_observability/test_observability_integration.go:56.2,56.54 1 0
subsnotifpro-go/test_observability/test_observability_integration.go:56.54,58.3 1 0
subsnotifpro-go/test_observability/test_observability_integration.go:58.8,60.3 1 0
subsnotifpro-go/test_observability/test_observability_integration.go:63.2,89.12 15 0
subsnotifpro-go/test_observability/test_observability_integration.go:89.12,93.3 3 0
subsnotifpro-go/test_observability/test_observability_integration.go:95.2,95.79 1 0
subsnotifpro-go/test_observability/test_observability_integration.go:95.79,97.3 1 0
subsnotifpro-go/test_observability/test_observability_integration.go:101.85,102.41 1 0
subsnotifpro-go/test_observability/test_observability_integration.go:102.41,105.3 2 0
subsnotifpro-go/test_observability/test_observability_integration.go:107.2,110.54 2 0
subsnotifpro-go/test_observability/test_observability_integration.go:110.54,131.3 5 0
subsnotifpro-go/test_observability/test_observability_integration.go:134.2,134.50 1 0
subsnotifpro-go/test_observability/test_observability_integration.go:134.50,147.3 4 0
subsnotifpro-go/test_observability/test_observability_integration.go:150.2,150.62 1 0
subsnotifpro-go/test_observability/test_observability_integration.go:150.62,168.3 6 0
subsnotifpro-go/test_observability/test_observability_integration.go:171.2,171.47 1 0
subsnotifpro-go/test_observability/test_observability_integration.go:171.47,188.3 5 0
subsnotifpro-go/test_observability/test_observability_integration.go:192.26,207.41 4 0
subsnotifpro-go/test_observability/test_observability_integration.go:207.41,212.17 4 0
subsnotifpro-go/test_observability/test_observability_integration.go:212.17,214.12 2 0
subsnotifpro-go/test_observability/test_observability_integration.go:217.3,221.37 3 0
subsnotifpro-go/test_observability/test_observability_integration.go:224.2,225.51 2 0
subsnotifpro-go/test_utilities/test_configuration.go:11.13,20.2 6 0
subsnotifpro-go/test_utilities/test_configuration.go:22.28,47.2 17 0
subsnotifpro-go/test_utilities/test_configuration.go:49.27,138.2 70 0
subsnotifpro-go/internal/subscription/mapper/mapper.go:14.38,16.2 1 1
subsnotifpro-go/internal/subscription/mapper/mapper.go:19.107,20.16 1 1
subsnotifpro-go/internal/subscription/mapper/mapper.go:21.47,22.29 1 1
subsnotifpro-go/internal/subscription/mapper/mapper.go:23.48,24.30 1 1
subsnotifpro-go/internal/subscription/mapper/mapper.go:25.53,26.35 1 1
subsnotifpro-go/internal/subscription/mapper/mapper.go:27.52,28.34 1 1
subsnotifpro-go/internal/subscription/mapper/mapper.go:29.48,30.30 1 1
subsnotifpro-go/internal/subscription/mapper/mapper.go:31.55,32.37 1 1
subsnotifpro-go/internal/subscription/mapper/mapper.go:33.55,34.37 1 1
subsnotifpro-go/internal/subscription/mapper/mapper.go:35.57,36.39 1 1
subsnotifpro-go/internal/subscription/mapper/mapper.go:37.10,39.68 1 1
subsnotifpro-go/internal/subscription/mapper/mapper.go:44.108,48.20 2 1
subsnotifpro-go/internal/subscription/mapper/mapper.go:49.16,50.29 1 1
subsnotifpro-go/internal/subscription/mapper/mapper.go:51.17,52.30 1 1
subsnotifpro-go/internal/subscription/mapper/mapper.go:53.25,54.34 1 1
subsnotifpro-go/internal/subscription/mapper/mapper.go:55.16,56.29 1 1
subsnotifpro-go/internal/subscription/mapper/mapper.go:57.17,58.29 1 1
subsnotifpro-go/internal/subscription/mapper/mapper.go:59.18,60.31 1 1
subsnotifpro-go/internal/subscription/mapper/mapper.go:61.17,62.37 1 1
subsnotifpro-go/internal/subscription/mapper/mapper.go:63.35,64.39 1 1
subsnotifpro-go/internal/subscription/mapper/mapper.go:65.21,67.37 1 1
subsnotifpro-go/internal/subscription/mapper/mapper.go:68.10,70.64 1 1
subsnotifpro-go/internal/subscription/mapper/mapper.go:75.111,76.18 1 0
subsnotifpro-go/internal/subscription/mapper/mapper.go:77.28,78.37 1 0
subsnotifpro-go/internal/subscription/mapper/mapper.go:79.29,80.38 1 0
subsnotifpro-go/internal/subscription/mapper/mapper.go:81.10,82.24 1 0
subsnotifpro-go/internal/subscription/mapper/mapper.go:86.110,87.16 1 0
subsnotifpro-go/internal/subscription/mapper/mapper.go:88.27,89.49 1 0
subsnotifpro-go/internal/subscription/mapper/mapper.go:90.28,91.50 1 0
subsnotifpro-go/internal/subscription/mapper/mapper.go:92.33,93.55 1 0
subsnotifpro-go/internal/subscription/mapper/mapper.go:94.32,95.54 1 0
subsnotifpro-go/internal/subscription/mapper/mapper.go:96.28,97.50 1 0
subsnotifpro-go/internal/subscription/mapper/mapper.go:98.35,99.57 1 0
subsnotifpro-go/internal/subscription/mapper/mapper.go:100.35,101.57 1 0
subsnotifpro-go/internal/subscription/mapper/mapper.go:102.37,103.59 1 0
subsnotifpro-go/internal/subscription/mapper/mapper.go:104.10,105.59 1 0
subsnotifpro-go/internal/subscription/mapper/mapper.go:109.111,110.16 1 0
subsnotifpro-go/internal/subscription/mapper/mapper.go:111.27,112.49 1 0
subsnotifpro-go/internal/subscription/mapper/mapper.go:113.28,114.50 1 0
subsnotifpro-go/internal/subscription/mapper/mapper.go:115.32,116.56 1 0
subsnotifpro-go/internal/subscription/mapper/mapper.go:117.27,118.49 1 0
subsnotifpro-go/internal/subscription/mapper/mapper.go:119.27,120.49 1 0
subsnotifpro-go/internal/subscription/mapper/mapper.go:121.29,122.51 1 0
subsnotifpro-go/internal/subscription/mapper/mapper.go:123.35,124.50 1 0
subsnotifpro-go/internal/subscription/mapper/mapper.go:125.66,126.66 1 0
subsnotifpro-go/internal/subscription/mapper/mapper.go:127.10,128.100 1 0
subsnotifpro-go/internal/subscription/models/dashboard.go:27.49,29.2 1 0
subsnotifpro-go/internal/subscription/service/appstore_subscription_event.go:17.51,27.16 3 0
subsnotifpro-go/internal/subscription/service/appstore_subscription_event.go:27.16,32.3 2 0
subsnotifpro-go/internal/subscription/service/appstore_subscription_event.go:35.2,36.16 2 0
subsnotifpro-go/internal/subscription/service/appstore_subscription_event.go:36.16,41.3 2 0
subsnotifpro-go/internal/subscription/service/appstore_subscription_event.go:43.2,51.39 3 0
subsnotifpro-go/internal/subscription/service/appstore_subscription_event.go:51.39,63.58 2 0
subsnotifpro-go/internal/subscription/service/appstore_subscription_event.go:63.58,66.4 2 0
subsnotifpro-go/internal/subscription/service/appstore_subscription_event.go:69.3,69.33 1 0
subsnotifpro-go/internal/subscription/service/appstore_subscription_event.go:69.33,71.4 1 0
subsnotifpro-go/internal/subscription/service/appstore_subscription_event.go:74.3,74.39 1 0
subsnotifpro-go/internal/subscription/service/appstore_subscription_event.go:74.39,76.4 1 0
subsnotifpro-go/internal/subscription/service/appstore_subscription_event.go:78.3,78.47 1 0
subsnotifpro-go/internal/subscription/service/appstore_subscription_event.go:81.2,86.39 2 0
subsnotifpro-go/internal/subscription/service/dashboard_service.go:30.20,35.2 1 0
subsnotifpro-go/internal/subscription/service/dashboard_service.go:37.72,48.16 5 0
subsnotifpro-go/internal/subscription/service/dashboard_service.go:48.16,51.3 2 0
subsnotifpro-go/internal/subscription/service/dashboard_service.go:53.2,55.12 3 0
subsnotifpro-go/internal/subscription/service/dashboard_service.go:58.97,62.6 3 0
subsnotifpro-go/internal/subscription/service/dashboard_service.go:62.6,63.10 1 0
subsnotifpro-go/internal/subscription/service/dashboard_service.go:64.19,65.50 1 0
subsnotifpro-go/internal/subscription/service/dashboard_service.go:65.50,67.5 1 0
subsnotifpro-go/internal/subscription/service/dashboard_service.go:68.21,69.10 1 0
subsnotifpro-go/internal/subscription/service/dashboard_service.go:77.41,91.48 2 0
subsnotifpro-go/internal/subscription/service/dashboard_service.go:91.48,93.3 1 0
subsnotifpro-go/internal/subscription/service/dashboard_service.go:95.2,98.44 2 0
subsnotifpro-go/internal/subscription/service/dashboard_service.go:98.44,99.15 1 0
subsnotifpro-go/internal/subscription/service/dashboard_service.go:99.15,101.4 1 0
subsnotifpro-go/internal/subscription/service/dashboard_service.go:102.3,102.21 1 0
subsnotifpro-go/internal/subscription/service/dashboard_service.go:104.2,104.16 1 0
subsnotifpro-go/internal/subscription/service/dashboard_service.go:104.16,106.3 1 0
subsnotifpro-go/internal/subscription/service/dashboard_service.go:109.2,110.28 2 0
subsnotifpro-go/internal/subscription/service/dashboard_service.go:110.28,129.3 1 0
subsnotifpro-go/internal/subscription/service/dashboard_service.go:131.2,131.27 1 0
subsnotifpro-go/internal/subscription/service/playstore_subscription_event.go:16.57,17.19 1 0
subsnotifpro-go/internal/subscription/service/playstore_subscription_event.go:18.32,19.20 1 0
subsnotifpro-go/internal/subscription/service/playstore_subscription_event.go:20.30,21.19 1 0
subsnotifpro-go/internal/subscription/service/playstore_subscription_event.go:22.31,23.24 1 0
subsnotifpro-go/internal/subscription/service/playstore_subscription_event.go:24.32,25.19 1 0
subsnotifpro-go/internal/subscription/service/playstore_subscription_event.go:26.10,27.19 1 0
subsnotifpro-go/internal/subscription/service/playstore_subscription_event.go:35.51,45.16 3 0
subsnotifpro-go/internal/subscription/service/playstore_subscription_event.go:45.16,50.3 2 0
subsnotifpro-go/internal/subscription/service/playstore_subscription_event.go:53.2,54.16 2 0
subsnotifpro-go/internal/subscription/service/playstore_subscription_event.go:54.16,59.3 2 0
subsnotifpro-go/internal/subscription/service/playstore_subscription_event.go:61.2,69.35 3 0
subsnotifpro-go/internal/subscription/service/playstore_subscription_event.go:69.35,71.3 1 0
subsnotifpro-go/internal/subscription/service/playstore_subscription_event.go:74.2,82.27 3 0
subsnotifpro-go/internal/subscription/service/playstore_subscription_event.go:82.27,85.17 3 0
subsnotifpro-go/internal/subscription/service/playstore_subscription_event.go:85.17,90.4 1 0
subsnotifpro-go/internal/subscription/service/playstore_subscription_event.go:91.3,91.13 1 0
subsnotifpro-go/internal/subscription/service/playstore_subscription_event.go:94.2,94.27 1 0
subsnotifpro-go/internal/subscription/service/playstore_subscription_event.go:94.27,97.17 3 0
subsnotifpro-go/internal/subscription/service/playstore_subscription_event.go:97.17,102.4 1 0
subsnotifpro-go/internal/subscription/service/playstore_subscription_event.go:103.3,103.13 1 0
subsnotifpro-go/internal/subscription/service/playstore_subscription_event.go:106.2,106.27 1 0
subsnotifpro-go/internal/subscription/service/playstore_subscription_event.go:106.27,109.17 3 0
subsnotifpro-go/internal/subscription/service/playstore_subscription_event.go:109.17,114.4 1 0
subsnotifpro-go/internal/subscription/service/playstore_subscription_event.go:115.3,115.13 1 0
subsnotifpro-go/internal/subscription/service/playstore_subscription_event.go:118.2,118.40 1 0
subsnotifpro-go/internal/subscription/service/playstore_subscription_event.go:118.40,120.3 1 0
subsnotifpro-go/internal/subscription/service/playstore_subscription_event.go:122.2,136.39 6 0
subsnotifpro-go/internal/subscription/service/playstore_subscription_event.go:136.39,148.46 2 0
subsnotifpro-go/internal/subscription/service/playstore_subscription_event.go:148.46,152.4 1 0
subsnotifpro-go/internal/subscription/service/playstore_subscription_event.go:155.3,155.47 1 0
subsnotifpro-go/internal/subscription/service/playstore_subscription_event.go:155.47,156.30 1 0
subsnotifpro-go/internal/subscription/service/playstore_subscription_event.go:156.30,159.5 2 0
subsnotifpro-go/internal/subscription/service/playstore_subscription_event.go:164.3,164.46 1 0
subsnotifpro-go/internal/subscription/service/playstore_subscription_event.go:164.46,165.88 1 0
subsnotifpro-go/internal/subscription/service/playstore_subscription_event.go:165.88,168.5 2 0
subsnotifpro-go/internal/subscription/service/playstore_subscription_event.go:170.4,171.28 2 0
subsnotifpro-go/internal/subscription/service/playstore_subscription_event.go:171.28,173.5 1 0
subsnotifpro-go/internal/subscription/service/playstore_subscription_event.go:176.3,176.47 1 0
subsnotifpro-go/internal/subscription/service/playstore_subscription_event.go:179.2,184.39 2 0
subsnotifpro-go/internal/subscription/service/playstore_subscription_event.go:188.153,190.30 2 0
subsnotifpro-go/internal/subscription/service/playstore_subscription_event.go:190.30,192.3 1 0
subsnotifpro-go/internal/subscription/service/playstore_subscription_event.go:193.2,193.10 1 0
subsnotifpro-go/internal/subscription/service/playstore_subscription_event.go:196.146,198.30 2 0
subsnotifpro-go/internal/subscription/service/playstore_subscription_event.go:198.30,200.3 1 0
subsnotifpro-go/internal/subscription/service/playstore_subscription_event.go:201.2,201.10 1 0
subsnotifpro-go/internal/subscription/service/playstore_subscription_event.go:204.134,206.30 2 0
subsnotifpro-go/internal/subscription/service/playstore_subscription_event.go:206.30,208.3 1 0
subsnotifpro-go/internal/subscription/service/playstore_subscription_event.go:209.2,209.10 1 0
subsnotifpro-go/internal/subscription/service/service.go:54.30,63.2 1 0
subsnotifpro-go/internal/subscription/service/service.go:69.9,106.56 3 0
subsnotifpro-go/internal/subscription/service/service.go:106.56,112.3 2 0
subsnotifpro-go/internal/subscription/service/service.go:114.2,121.12 2 0
subsnotifpro-go/internal/subscription/service/service.go:128.9,132.16 2 0
subsnotifpro-go/internal/subscription/service/service.go:132.16,134.3 1 0
subsnotifpro-go/internal/subscription/service/service.go:136.2,136.22 1 0
subsnotifpro-go/internal/subscription/service/service.go:136.22,138.3 1 0
subsnotifpro-go/internal/subscription/service/service.go:141.2,141.29 1 0
subsnotifpro-go/internal/subscription/service/service.go:141.29,143.3 1 0
subsnotifpro-go/internal/subscription/service/service.go:145.2,148.35 2 0
subsnotifpro-go/internal/subscription/service/service.go:148.35,150.3 1 0
subsnotifpro-go/internal/subscription/service/service.go:153.2,173.54 4 0
subsnotifpro-go/internal/subscription/service/service.go:173.54,177.3 3 0
subsnotifpro-go/internal/subscription/service/service.go:178.2,181.39 2 0
subsnotifpro-go/internal/subscription/service/service.go:181.39,185.76 3 0
subsnotifpro-go/internal/subscription/service/service.go:185.76,187.4 1 0
subsnotifpro-go/internal/subscription/service/service.go:191.2,191.43 1 0
subsnotifpro-go/internal/subscription/service/service.go:191.43,194.3 2 0
subsnotifpro-go/internal/subscription/service/service.go:195.2,207.56 3 0
subsnotifpro-go/internal/subscription/service/service.go:207.56,213.3 2 0
subsnotifpro-go/internal/subscription/service/service.go:215.2,222.12 2 0
subsnotifpro-go/internal/subscription/service/service.go:228.9,253.71 3 0
subsnotifpro-go/internal/subscription/service/service.go:253.71,254.74 1 0
subsnotifpro-go/internal/subscription/service/service.go:254.74,256.4 1 0
subsnotifpro-go/internal/subscription/service/service.go:259.3,259.48 1 0
subsnotifpro-go/internal/subscription/service/service.go:266.9,268.2 1 0
subsnotifpro-go/internal/subscription/service/service.go:270.172,272.2 1 0
subsnotifpro-go/internal/subscription/service/service.go:278.51,281.16 2 0
subsnotifpro-go/internal/subscription/service/service.go:281.16,283.3 1 0
subsnotifpro-go/internal/subscription/service/service.go:286.2,289.18 3 0
subsnotifpro-go/internal/subscription/service/service.go:290.29,292.17 2 0
subsnotifpro-go/internal/subscription/service/service.go:292.17,294.4 1 0
subsnotifpro-go/internal/subscription/service/service.go:295.3,296.20 2 0
subsnotifpro-go/internal/subscription/service/service.go:298.28,300.17 2 0
subsnotifpro-go/internal/subscription/service/service.go:300.17,302.4 1 0
subsnotifpro-go/internal/subscription/service/service.go:303.3,304.24 2 0
subsnotifpro-go/internal/subscription/service/service.go:306.10,307.40 1 0
subsnotifpro-go/internal/subscription/service/service.go:310.2,310.27 1 0
